Using device: cuda:1
Using math SDPA backend for higher-order gradient compatibility.
Loading MNIST dataset...
Train samples: 60000, Test samples: 10000

--- Baseline ViT-B/16 ---
Epoch 0, Batch 0/1875: Loss=2.3901
Epoch 0, Batch 150/1875: Loss=2.3357
Epoch 0, Batch 300/1875: Loss=2.2612
Epoch 0, Batch 450/1875: Loss=2.3510
Epoch 0, Batch 600/1875: Loss=2.0069
Epoch 0, Batch 750/1875: Loss=1.9673
Epoch 0, Batch 900/1875: Loss=1.8492
Epoch 0, Batch 1050/1875: Loss=2.0807
Epoch 0, Batch 1200/1875: Loss=2.1111
Epoch 0, Batch 1350/1875: Loss=1.9990
Epoch 0, Batch 1500/1875: Loss=2.1604
Epoch 0, Batch 1650/1875: Loss=2.0206
Epoch 0, Batch 1800/1875: Loss=2.0949
Epoch 0 | Train Loss: 2.1662 | Test Accuracy: 19.05%
Epoch 1, Batch 0/1875: Loss=2.4269
Epoch 1, Batch 150/1875: Loss=2.0533
Epoch 1, Batch 300/1875: Loss=2.0569
Epoch 1, Batch 450/1875: Loss=2.4521
Epoch 1, Batch 600/1875: Loss=2.1578
Epoch 1, Batch 750/1875: Loss=2.1072
Epoch 1, Batch 900/1875: Loss=2.1540
Epoch 1, Batch 1050/1875: Loss=2.3177
Epoch 1, Batch 1200/1875: Loss=2.0782
Epoch 1, Batch 1350/1875: Loss=2.0156
Epoch 1, Batch 1500/1875: Loss=1.9195
Epoch 1, Batch 1650/1875: Loss=2.2414
Epoch 1, Batch 1800/1875: Loss=1.9532
Epoch 1 | Train Loss: 2.0790 | Test Accuracy: 23.63%
Epoch 2, Batch 0/1875: Loss=1.9919
Epoch 2, Batch 150/1875: Loss=1.6941
Epoch 2, Batch 300/1875: Loss=1.9889
Epoch 2, Batch 450/1875: Loss=2.2897
Epoch 2, Batch 600/1875: Loss=2.2304
Epoch 2, Batch 750/1875: Loss=1.9703
Epoch 2, Batch 900/1875: Loss=1.9831
Epoch 2, Batch 1050/1875: Loss=2.2565
Epoch 2, Batch 1200/1875: Loss=2.1276
Epoch 2, Batch 1350/1875: Loss=2.0775
Epoch 2, Batch 1500/1875: Loss=2.0176
Epoch 2, Batch 1650/1875: Loss=2.1013
Epoch 2, Batch 1800/1875: Loss=2.0320
Epoch 2 | Train Loss: 1.9662 | Test Accuracy: 18.93%
Epoch 3, Batch 0/1875: Loss=2.2999
Epoch 3, Batch 150/1875: Loss=2.2648
Epoch 3, Batch 300/1875: Loss=2.0140
Epoch 3, Batch 450/1875: Loss=1.9667
Epoch 3, Batch 600/1875: Loss=2.0381
Epoch 3, Batch 750/1875: Loss=2.0060
Epoch 3, Batch 900/1875: Loss=1.9077
Epoch 3, Batch 1050/1875: Loss=1.9311
Epoch 3, Batch 1200/1875: Loss=1.6908
Epoch 3, Batch 1350/1875: Loss=2.0527
Epoch 3, Batch 1500/1875: Loss=3.0222
Epoch 3, Batch 1650/1875: Loss=2.1236
Epoch 3, Batch 1800/1875: Loss=2.0649
Epoch 3 | Train Loss: 2.0652 | Test Accuracy: 21.09%
Epoch 4, Batch 0/1875: Loss=2.0223
Epoch 4, Batch 150/1875: Loss=2.2268
Epoch 4, Batch 300/1875: Loss=2.0364
Epoch 4, Batch 450/1875: Loss=2.1962
Epoch 4, Batch 600/1875: Loss=2.1012
Epoch 4, Batch 750/1875: Loss=1.9611
Epoch 4, Batch 900/1875: Loss=1.8085
Epoch 4, Batch 1050/1875: Loss=2.1049
Epoch 4, Batch 1200/1875: Loss=1.8792
Epoch 4, Batch 1350/1875: Loss=2.1756
Epoch 4, Batch 1500/1875: Loss=2.0127
Epoch 4, Batch 1650/1875: Loss=1.9689
Epoch 4, Batch 1800/1875: Loss=2.2575
Epoch 4 | Train Loss: 2.0265 | Test Accuracy: 18.96%
Epoch 5, Batch 0/1875: Loss=2.1928
Epoch 5, Batch 150/1875: Loss=2.2039
Epoch 5, Batch 300/1875: Loss=2.1457
Epoch 5, Batch 450/1875: Loss=2.3395
Epoch 5, Batch 600/1875: Loss=2.1483
Epoch 5, Batch 750/1875: Loss=2.1909
Epoch 5, Batch 900/1875: Loss=2.0859
Epoch 5, Batch 1050/1875: Loss=2.2013
Epoch 5, Batch 1200/1875: Loss=2.1293
Epoch 5, Batch 1350/1875: Loss=2.3526
Epoch 5, Batch 1500/1875: Loss=1.8967
Epoch 5, Batch 1650/1875: Loss=1.9618
Epoch 5, Batch 1800/1875: Loss=2.2660
Epoch 5 | Train Loss: 2.0844 | Test Accuracy: 23.48%
Epoch 6, Batch 0/1875: Loss=1.7975
Epoch 6, Batch 150/1875: Loss=1.8594
Epoch 6, Batch 300/1875: Loss=1.9407
Epoch 6, Batch 450/1875: Loss=2.0509
Epoch 6, Batch 600/1875: Loss=1.9784
Epoch 6, Batch 750/1875: Loss=1.9518
Epoch 6, Batch 900/1875: Loss=2.0266
Epoch 6, Batch 1050/1875: Loss=1.9850
Epoch 6, Batch 1200/1875: Loss=1.9017
Epoch 6, Batch 1350/1875: Loss=1.8708
Epoch 6, Batch 1500/1875: Loss=2.0215
Epoch 6, Batch 1650/1875: Loss=2.0047
Epoch 6, Batch 1800/1875: Loss=1.9255
Epoch 6 | Train Loss: 2.0220 | Test Accuracy: 19.15%
Epoch 7, Batch 0/1875: Loss=2.0703
Epoch 7, Batch 150/1875: Loss=2.3174
Epoch 7, Batch 300/1875: Loss=2.1281
Epoch 7, Batch 450/1875: Loss=2.3610
Epoch 7, Batch 600/1875: Loss=2.0168
Epoch 7, Batch 750/1875: Loss=2.4875
Epoch 7, Batch 900/1875: Loss=2.0973
Epoch 7, Batch 1050/1875: Loss=2.1197
Epoch 7, Batch 1200/1875: Loss=2.0243
Epoch 7, Batch 1350/1875: Loss=2.0970
Epoch 7, Batch 1500/1875: Loss=1.9868
Epoch 7, Batch 1650/1875: Loss=1.9332
Epoch 7, Batch 1800/1875: Loss=1.9349
Epoch 7 | Train Loss: 2.0462 | Test Accuracy: 25.26%
Epoch 8, Batch 0/1875: Loss=1.7458
Epoch 8, Batch 150/1875: Loss=1.8445
Epoch 8, Batch 300/1875: Loss=1.8385
Epoch 8, Batch 450/1875: Loss=1.9863
Epoch 8, Batch 600/1875: Loss=1.7303
Epoch 8, Batch 750/1875: Loss=1.8754
Epoch 8, Batch 900/1875: Loss=1.9510
Epoch 8, Batch 1050/1875: Loss=2.3200
Epoch 8, Batch 1200/1875: Loss=2.0312
Epoch 8, Batch 1350/1875: Loss=1.9534
Epoch 8, Batch 1500/1875: Loss=1.8955
Epoch 8, Batch 1650/1875: Loss=1.8974
Epoch 8, Batch 1800/1875: Loss=2.1003
Epoch 8 | Train Loss: 1.9335 | Test Accuracy: 25.27%
Epoch 9, Batch 0/1875: Loss=1.9214
Epoch 9, Batch 150/1875: Loss=1.9523
Epoch 9, Batch 300/1875: Loss=1.9317
Epoch 9, Batch 450/1875: Loss=1.7136
Epoch 9, Batch 600/1875: Loss=1.7702
Epoch 9, Batch 750/1875: Loss=1.9134
Epoch 9, Batch 900/1875: Loss=1.9902
Epoch 9, Batch 1050/1875: Loss=2.1214
Epoch 9, Batch 1200/1875: Loss=1.9469
Epoch 9, Batch 1350/1875: Loss=1.9571
Epoch 9, Batch 1500/1875: Loss=1.6061
Epoch 9, Batch 1650/1875: Loss=1.8967
Epoch 9, Batch 1800/1875: Loss=1.9284
Epoch 9 | Train Loss: 1.9391 | Test Accuracy: 25.90%
Final Test Accuracy: 25.90%

--- QI ViT-B/16 without Jet Loss ---
Epoch 0, Batch 0/1875: Loss=2.5125
Epoch 0, Batch 50/1875: Loss=2.4056
Epoch 0, Batch 100/1875: Loss=2.3316
Epoch 0, Batch 150/1875: Loss=2.3456
Epoch 0, Batch 200/1875: Loss=2.3955
Epoch 0, Batch 250/1875: Loss=2.3102
Epoch 0, Batch 300/1875: Loss=2.2412
Epoch 0, Batch 350/1875: Loss=2.3234
Epoch 0, Batch 400/1875: Loss=2.2460
Epoch 0, Batch 450/1875: Loss=2.3681
Epoch 0, Batch 500/1875: Loss=2.3349
Epoch 0, Batch 550/1875: Loss=2.3277
Epoch 0, Batch 600/1875: Loss=2.5088
Epoch 0, Batch 650/1875: Loss=2.2323
Epoch 0, Batch 700/1875: Loss=2.2885
Epoch 0, Batch 750/1875: Loss=2.3659
Epoch 0, Batch 800/1875: Loss=2.4984
Epoch 0, Batch 850/1875: Loss=2.3181
Epoch 0, Batch 900/1875: Loss=2.5529
Epoch 0, Batch 950/1875: Loss=2.5003
Epoch 0, Batch 1000/1875: Loss=2.3729
Epoch 0, Batch 1050/1875: Loss=2.3699
Epoch 0, Batch 1100/1875: Loss=2.4453
Epoch 0, Batch 1150/1875: Loss=2.3150
Epoch 0, Batch 1200/1875: Loss=2.3439
Epoch 0, Batch 1250/1875: Loss=2.2862
Epoch 0, Batch 1300/1875: Loss=2.3358
Epoch 0, Batch 1350/1875: Loss=2.3088
Epoch 0, Batch 1400/1875: Loss=2.2489
Epoch 0, Batch 1450/1875: Loss=2.3474
Epoch 0, Batch 1500/1875: Loss=2.2290
Epoch 0, Batch 1550/1875: Loss=2.3358
Epoch 0, Batch 1600/1875: Loss=2.3552
Epoch 0, Batch 1650/1875: Loss=2.3270
Epoch 0, Batch 1700/1875: Loss=2.2407
Epoch 0, Batch 1750/1875: Loss=2.2813
Epoch 0, Batch 1800/1875: Loss=2.2876
Epoch 0, Batch 1850/1875: Loss=2.3542
Epoch 0 | Train Loss: 2.3571 | Test Accuracy: 15.06%
Epoch 1, Batch 0/1875: Loss=2.3108
Epoch 1, Batch 50/1875: Loss=2.2343
Epoch 1, Batch 100/1875: Loss=2.3126
Epoch 1, Batch 150/1875: Loss=2.2680
Epoch 1, Batch 200/1875: Loss=2.1199
Epoch 1, Batch 250/1875: Loss=2.4059
Epoch 1, Batch 300/1875: Loss=2.3280
Epoch 1, Batch 350/1875: Loss=2.0722
Epoch 1, Batch 400/1875: Loss=2.2345
Epoch 1, Batch 450/1875: Loss=2.1861
Epoch 1, Batch 500/1875: Loss=2.1821
Epoch 1, Batch 550/1875: Loss=2.1066
Epoch 1, Batch 600/1875: Loss=1.9358
Epoch 1, Batch 650/1875: Loss=2.3160
Epoch 1, Batch 700/1875: Loss=2.0623
Epoch 1, Batch 750/1875: Loss=2.0035
Epoch 1, Batch 800/1875: Loss=2.1732
Epoch 1, Batch 850/1875: Loss=2.0505
Epoch 1, Batch 900/1875: Loss=2.1275
Epoch 1, Batch 950/1875: Loss=2.1806
Epoch 1, Batch 1000/1875: Loss=2.1135
Epoch 1, Batch 1050/1875: Loss=2.3842
Epoch 1, Batch 1100/1875: Loss=2.1659
Epoch 1, Batch 1150/1875: Loss=2.3342
Epoch 1, Batch 1200/1875: Loss=2.1289
Epoch 1, Batch 1250/1875: Loss=2.0297
Epoch 1, Batch 1300/1875: Loss=1.9078
Epoch 1, Batch 1350/1875: Loss=2.0767
Epoch 1, Batch 1400/1875: Loss=1.9245
Epoch 1, Batch 1450/1875: Loss=2.0814
Epoch 1, Batch 1500/1875: Loss=1.9956
Epoch 1, Batch 1550/1875: Loss=1.8706
Epoch 1, Batch 1600/1875: Loss=1.9291
Epoch 1, Batch 1650/1875: Loss=1.8623
Epoch 1, Batch 1700/1875: Loss=2.1984
Epoch 1, Batch 1750/1875: Loss=1.9793
Epoch 1, Batch 1800/1875: Loss=2.0962
Epoch 1, Batch 1850/1875: Loss=1.6834
Epoch 1 | Train Loss: 2.1079 | Test Accuracy: 21.63%
Epoch 2, Batch 0/1875: Loss=1.9167
Epoch 2, Batch 50/1875: Loss=2.0694
Epoch 2, Batch 100/1875: Loss=1.8643
Epoch 2, Batch 150/1875: Loss=1.9522
Epoch 2, Batch 200/1875: Loss=1.7297
Epoch 2, Batch 250/1875: Loss=1.9540
Epoch 2, Batch 300/1875: Loss=2.0963
Epoch 2, Batch 350/1875: Loss=2.0179
Epoch 2, Batch 400/1875: Loss=1.9788
Epoch 2, Batch 450/1875: Loss=2.1278
Epoch 2, Batch 500/1875: Loss=2.0598
Epoch 2, Batch 550/1875: Loss=1.9897
Epoch 2, Batch 600/1875: Loss=1.9555
Epoch 2, Batch 650/1875: Loss=1.8434
Epoch 2, Batch 700/1875: Loss=2.0467
Epoch 2, Batch 750/1875: Loss=1.8087
Epoch 2, Batch 800/1875: Loss=1.8076
Epoch 2, Batch 850/1875: Loss=2.0045
Epoch 2, Batch 900/1875: Loss=2.0866
Epoch 2, Batch 950/1875: Loss=1.9482
Epoch 2, Batch 1000/1875: Loss=2.4060
Epoch 2, Batch 1050/1875: Loss=2.0169
Epoch 2, Batch 1100/1875: Loss=2.1429
Epoch 2, Batch 1150/1875: Loss=2.0893
Epoch 2, Batch 1200/1875: Loss=2.2513
Epoch 2, Batch 1250/1875: Loss=1.7939
Epoch 2, Batch 1300/1875: Loss=2.1041
Epoch 2, Batch 1350/1875: Loss=1.7289
Epoch 2, Batch 1400/1875: Loss=1.8380
Epoch 2, Batch 1450/1875: Loss=1.9795
Epoch 2, Batch 1500/1875: Loss=2.0268
Epoch 2, Batch 1550/1875: Loss=2.0779
Epoch 2, Batch 1600/1875: Loss=2.2263
Epoch 2, Batch 1650/1875: Loss=2.0078
Epoch 2, Batch 1700/1875: Loss=2.2923
Epoch 2, Batch 1750/1875: Loss=2.0867
Epoch 2, Batch 1800/1875: Loss=2.0258
Epoch 2, Batch 1850/1875: Loss=2.3166
Epoch 2 | Train Loss: 2.0168 | Test Accuracy: 11.80%
Epoch 3, Batch 0/1875: Loss=2.2831
Epoch 3, Batch 50/1875: Loss=2.2583
Epoch 3, Batch 100/1875: Loss=2.3039
Epoch 3, Batch 150/1875: Loss=2.2467
Epoch 3, Batch 200/1875: Loss=2.2045
Epoch 3, Batch 250/1875: Loss=1.8463
Epoch 3, Batch 300/1875: Loss=2.1872
Epoch 3, Batch 350/1875: Loss=2.2510
Epoch 3, Batch 400/1875: Loss=2.3585
Epoch 3, Batch 450/1875: Loss=2.1912
Epoch 3, Batch 500/1875: Loss=2.1967
Epoch 3, Batch 550/1875: Loss=2.1635
Epoch 3, Batch 600/1875: Loss=1.9616
Epoch 3, Batch 650/1875: Loss=2.0135
Epoch 3, Batch 700/1875: Loss=2.1359
Epoch 3, Batch 750/1875: Loss=2.2239
Epoch 3, Batch 800/1875: Loss=1.9919
Epoch 3, Batch 850/1875: Loss=2.1844
Epoch 3, Batch 900/1875: Loss=2.3129
Epoch 3, Batch 950/1875: Loss=2.1448
Epoch 3, Batch 1000/1875: Loss=2.0454
Epoch 3, Batch 1050/1875: Loss=1.9852
Epoch 3, Batch 1100/1875: Loss=1.8977
Epoch 3, Batch 1150/1875: Loss=1.9660
Epoch 3, Batch 1200/1875: Loss=1.9248
Epoch 3, Batch 1250/1875: Loss=1.6806
Epoch 3, Batch 1300/1875: Loss=2.2040
Epoch 3, Batch 1350/1875: Loss=2.0173
Epoch 3, Batch 1400/1875: Loss=1.7857
Epoch 3, Batch 1450/1875: Loss=1.7711
Epoch 3, Batch 1500/1875: Loss=2.0604
Epoch 3, Batch 1550/1875: Loss=2.2272
Epoch 3, Batch 1600/1875: Loss=1.8558
Epoch 3, Batch 1650/1875: Loss=2.3784
Epoch 3, Batch 1700/1875: Loss=2.1668
Epoch 3, Batch 1750/1875: Loss=1.9692
Epoch 3, Batch 1800/1875: Loss=1.9282
Epoch 3, Batch 1850/1875: Loss=2.3387
Epoch 3 | Train Loss: 2.1048 | Test Accuracy: 24.09%
Epoch 4, Batch 0/1875: Loss=1.9842
Epoch 4, Batch 50/1875: Loss=2.0115
Epoch 4, Batch 100/1875: Loss=2.1354
Epoch 4, Batch 150/1875: Loss=2.0297
Epoch 4, Batch 200/1875: Loss=2.1145
Epoch 4, Batch 250/1875: Loss=1.8504
Epoch 4, Batch 300/1875: Loss=1.9745
Epoch 4, Batch 350/1875: Loss=1.9752
Epoch 4, Batch 400/1875: Loss=1.9808
Epoch 4, Batch 450/1875: Loss=2.0522
Epoch 4, Batch 500/1875: Loss=2.1286
Epoch 4, Batch 550/1875: Loss=2.0858
Epoch 4, Batch 600/1875: Loss=2.0782
Epoch 4, Batch 650/1875: Loss=1.8753
Epoch 4, Batch 700/1875: Loss=1.7125
Epoch 4, Batch 750/1875: Loss=1.7444
Epoch 4, Batch 800/1875: Loss=2.0504
Epoch 4, Batch 850/1875: Loss=1.8985
Epoch 4, Batch 900/1875: Loss=1.9590
Epoch 4, Batch 950/1875: Loss=1.7148
Epoch 4, Batch 1000/1875: Loss=1.7886
Epoch 4, Batch 1050/1875: Loss=2.0508
Epoch 4, Batch 1100/1875: Loss=1.8542
Epoch 4, Batch 1150/1875: Loss=1.8426
Epoch 4, Batch 1200/1875: Loss=2.0856
Epoch 4, Batch 1250/1875: Loss=1.8721
Epoch 4, Batch 1300/1875: Loss=1.9506
Epoch 4, Batch 1350/1875: Loss=1.8487
Epoch 4, Batch 1400/1875: Loss=1.8908
Epoch 4, Batch 1450/1875: Loss=1.8369
Epoch 4, Batch 1500/1875: Loss=1.8884
Epoch 4, Batch 1550/1875: Loss=2.0528
Epoch 4, Batch 1600/1875: Loss=1.9509
Epoch 4, Batch 1650/1875: Loss=1.9860
Epoch 4, Batch 1700/1875: Loss=2.0247
Epoch 4, Batch 1750/1875: Loss=1.8766
Epoch 4, Batch 1800/1875: Loss=2.1304
Epoch 4, Batch 1850/1875: Loss=1.7547
Epoch 4 | Train Loss: 1.9707 | Test Accuracy: 28.42%
Epoch 5, Batch 0/1875: Loss=1.8393
Epoch 5, Batch 50/1875: Loss=2.0071
Epoch 5, Batch 100/1875: Loss=2.1450
Epoch 5, Batch 150/1875: Loss=1.9851
Epoch 5, Batch 200/1875: Loss=1.8745
Epoch 5, Batch 250/1875: Loss=2.5533
Epoch 5, Batch 300/1875: Loss=2.1950
Epoch 5, Batch 350/1875: Loss=2.1665
Epoch 5, Batch 400/1875: Loss=2.1000
Epoch 5, Batch 450/1875: Loss=1.9921
Epoch 5, Batch 500/1875: Loss=2.0536
Epoch 5, Batch 550/1875: Loss=2.1991
Epoch 5, Batch 600/1875: Loss=2.1994
Epoch 5, Batch 650/1875: Loss=2.1570
Epoch 5, Batch 700/1875: Loss=1.7741
Epoch 5, Batch 750/1875: Loss=1.9779
Epoch 5, Batch 800/1875: Loss=2.2306
Epoch 5, Batch 850/1875: Loss=2.0000
Epoch 5, Batch 900/1875: Loss=2.0875
Epoch 5, Batch 950/1875: Loss=2.0796
Epoch 5, Batch 1000/1875: Loss=1.9902
Epoch 5, Batch 1050/1875: Loss=2.1666
Epoch 5, Batch 1100/1875: Loss=1.8883
Epoch 5, Batch 1150/1875: Loss=1.8304
Epoch 5, Batch 1200/1875: Loss=2.0682
Epoch 5, Batch 1250/1875: Loss=2.0164
Epoch 5, Batch 1300/1875: Loss=1.8461
Epoch 5, Batch 1350/1875: Loss=2.0216
Epoch 5, Batch 1400/1875: Loss=1.8487
Epoch 5, Batch 1450/1875: Loss=2.1012
Epoch 5, Batch 1500/1875: Loss=2.0246
Epoch 5, Batch 1550/1875: Loss=1.8436
Epoch 5, Batch 1600/1875: Loss=2.0400
Epoch 5, Batch 1650/1875: Loss=1.9408
Epoch 5, Batch 1700/1875: Loss=2.0681
Epoch 5, Batch 1750/1875: Loss=2.0593
Epoch 5, Batch 1800/1875: Loss=1.9058
Epoch 5, Batch 1850/1875: Loss=2.1679
Epoch 5 | Train Loss: 2.0513 | Test Accuracy: 24.10%
Epoch 6, Batch 0/1875: Loss=2.0996
Epoch 6, Batch 50/1875: Loss=2.0497
Epoch 6, Batch 100/1875: Loss=1.7734
Epoch 6, Batch 150/1875: Loss=2.0436
Epoch 6, Batch 200/1875: Loss=2.0135
Epoch 6, Batch 250/1875: Loss=1.9879
Epoch 6, Batch 300/1875: Loss=2.3025
Epoch 6, Batch 350/1875: Loss=2.2330
Epoch 6, Batch 400/1875: Loss=2.0048
Epoch 6, Batch 450/1875: Loss=2.1210
Epoch 6, Batch 500/1875: Loss=2.1221
Epoch 6, Batch 550/1875: Loss=1.8994
Epoch 6, Batch 600/1875: Loss=1.9758
Epoch 6, Batch 650/1875: Loss=1.9094
Epoch 6, Batch 700/1875: Loss=2.0938
Epoch 6, Batch 750/1875: Loss=2.1234
Epoch 6, Batch 800/1875: Loss=2.2052
Epoch 6, Batch 850/1875: Loss=2.1069
Epoch 6, Batch 900/1875: Loss=1.9777
Epoch 6, Batch 950/1875: Loss=2.0660
Epoch 6, Batch 1000/1875: Loss=1.9303
Epoch 6, Batch 1050/1875: Loss=2.0237
Epoch 6, Batch 1100/1875: Loss=1.9785
Epoch 6, Batch 1150/1875: Loss=1.9918
Epoch 6, Batch 1200/1875: Loss=1.9324
Epoch 6, Batch 1250/1875: Loss=2.0640
Epoch 6, Batch 1300/1875: Loss=1.8704
Epoch 6, Batch 1350/1875: Loss=2.0746
Epoch 6, Batch 1400/1875: Loss=1.9340
Epoch 6, Batch 1450/1875: Loss=1.9706
Epoch 6, Batch 1500/1875: Loss=2.0299
Epoch 6, Batch 1550/1875: Loss=1.8415
Epoch 6, Batch 1600/1875: Loss=1.9379
Epoch 6, Batch 1650/1875: Loss=1.9817
Epoch 6, Batch 1700/1875: Loss=1.7866
Epoch 6, Batch 1750/1875: Loss=1.8105
Epoch 6, Batch 1800/1875: Loss=2.1261
Epoch 6, Batch 1850/1875: Loss=1.8206
Epoch 6 | Train Loss: 2.0183 | Test Accuracy: 25.72%
Epoch 7, Batch 0/1875: Loss=1.9705
Epoch 7, Batch 50/1875: Loss=1.9041
Epoch 7, Batch 100/1875: Loss=1.9844
Epoch 7, Batch 150/1875: Loss=1.8931
Epoch 7, Batch 200/1875: Loss=2.1454
Epoch 7, Batch 250/1875: Loss=1.8336
Epoch 7, Batch 300/1875: Loss=2.0064
Epoch 7, Batch 350/1875: Loss=1.7223
Epoch 7, Batch 400/1875: Loss=2.2200
Epoch 7, Batch 450/1875: Loss=2.0383
Epoch 7, Batch 500/1875: Loss=1.9443
Epoch 7, Batch 550/1875: Loss=2.1492
Epoch 7, Batch 600/1875: Loss=1.8231
Epoch 7, Batch 650/1875: Loss=2.0038
Epoch 7, Batch 700/1875: Loss=2.1017
Epoch 7, Batch 750/1875: Loss=1.7761
Epoch 7, Batch 800/1875: Loss=1.8980
Epoch 7, Batch 850/1875: Loss=2.0026
Epoch 7, Batch 900/1875: Loss=1.9899
Epoch 7, Batch 950/1875: Loss=1.9540
Epoch 7, Batch 1000/1875: Loss=1.9085
Epoch 7, Batch 1050/1875: Loss=1.7031
Epoch 7, Batch 1100/1875: Loss=1.7498
Epoch 7, Batch 1150/1875: Loss=2.0710
Epoch 7, Batch 1200/1875: Loss=1.7067
Epoch 7, Batch 1250/1875: Loss=1.7112
Epoch 7, Batch 1300/1875: Loss=1.9818
Epoch 7, Batch 1350/1875: Loss=1.9995
Epoch 7, Batch 1400/1875: Loss=1.8374
Epoch 7, Batch 1450/1875: Loss=2.2142
Epoch 7, Batch 1500/1875: Loss=1.7665
Epoch 7, Batch 1550/1875: Loss=1.7432
Epoch 7, Batch 1600/1875: Loss=1.7060
Epoch 7, Batch 1650/1875: Loss=1.8926
Epoch 7, Batch 1700/1875: Loss=1.6502
Epoch 7, Batch 1750/1875: Loss=2.2442
Epoch 7, Batch 1800/1875: Loss=1.8907
Epoch 7, Batch 1850/1875: Loss=1.8660
Epoch 7 | Train Loss: 1.9611 | Test Accuracy: 26.00%
Epoch 8, Batch 0/1875: Loss=1.7673
Epoch 8, Batch 50/1875: Loss=1.8657
Epoch 8, Batch 100/1875: Loss=2.0491
Epoch 8, Batch 150/1875: Loss=1.7969
Epoch 8, Batch 200/1875: Loss=2.1033
Epoch 8, Batch 250/1875: Loss=1.8639
Epoch 8, Batch 300/1875: Loss=2.2135
Epoch 8, Batch 350/1875: Loss=1.8959
Epoch 8, Batch 400/1875: Loss=2.0614
Epoch 8, Batch 450/1875: Loss=1.8595
Epoch 8, Batch 500/1875: Loss=1.8303
Epoch 8, Batch 550/1875: Loss=2.1453
Epoch 8, Batch 600/1875: Loss=1.9527
Epoch 8, Batch 650/1875: Loss=1.9673
Epoch 8, Batch 700/1875: Loss=2.1412
Epoch 8, Batch 750/1875: Loss=2.1155
Epoch 8, Batch 800/1875: Loss=2.1169
Epoch 8, Batch 850/1875: Loss=2.0492
Epoch 8, Batch 900/1875: Loss=2.0909
Epoch 8, Batch 950/1875: Loss=2.0120
Epoch 8, Batch 1000/1875: Loss=1.9673
Epoch 8, Batch 1050/1875: Loss=2.1491
Epoch 8, Batch 1100/1875: Loss=1.9868
Epoch 8, Batch 1150/1875: Loss=1.8810
Epoch 8, Batch 1200/1875: Loss=2.1521
Epoch 8, Batch 1250/1875: Loss=2.1219
Epoch 8, Batch 1300/1875: Loss=1.9352
Epoch 8, Batch 1350/1875: Loss=2.0771
Epoch 8, Batch 1400/1875: Loss=2.0150
Epoch 8, Batch 1450/1875: Loss=2.1032
Epoch 8, Batch 1500/1875: Loss=1.6987
Epoch 8, Batch 1550/1875: Loss=2.2014
Epoch 8, Batch 1600/1875: Loss=2.0855
Epoch 8, Batch 1650/1875: Loss=1.9961
Epoch 8, Batch 1700/1875: Loss=1.8811
Epoch 8, Batch 1750/1875: Loss=2.1878
Epoch 8, Batch 1800/1875: Loss=1.9328
Epoch 8, Batch 1850/1875: Loss=1.9032
Epoch 8 | Train Loss: 2.0050 | Test Accuracy: 24.05%
Epoch 9, Batch 0/1875: Loss=1.9345
Epoch 9, Batch 50/1875: Loss=1.9458
Epoch 9, Batch 100/1875: Loss=1.9240
Epoch 9, Batch 150/1875: Loss=1.9449
Epoch 9, Batch 200/1875: Loss=1.9109
Epoch 9, Batch 250/1875: Loss=1.9162
Epoch 9, Batch 300/1875: Loss=2.0439
Epoch 9, Batch 350/1875: Loss=1.7270
Epoch 9, Batch 400/1875: Loss=1.9782
Epoch 9, Batch 450/1875: Loss=1.8667
Epoch 9, Batch 500/1875: Loss=1.9968
Epoch 9, Batch 550/1875: Loss=1.8915
Epoch 9, Batch 600/1875: Loss=1.8701
Epoch 9, Batch 650/1875: Loss=2.1438
Epoch 9, Batch 700/1875: Loss=1.8953
Epoch 9, Batch 750/1875: Loss=2.1870
Epoch 9, Batch 800/1875: Loss=2.0454
Epoch 9, Batch 850/1875: Loss=1.9752
Epoch 9, Batch 900/1875: Loss=1.8350
Epoch 9, Batch 950/1875: Loss=2.0824
Epoch 9, Batch 1000/1875: Loss=1.8097
Epoch 9, Batch 1050/1875: Loss=2.0808
Epoch 9, Batch 1100/1875: Loss=1.8812
Epoch 9, Batch 1150/1875: Loss=1.8676
Epoch 9, Batch 1200/1875: Loss=2.0135
Epoch 9, Batch 1250/1875: Loss=1.9354
Epoch 9, Batch 1300/1875: Loss=1.9390
Epoch 9, Batch 1350/1875: Loss=1.8654
Epoch 9, Batch 1400/1875: Loss=2.1349
Epoch 9, Batch 1450/1875: Loss=2.0686
Epoch 9, Batch 1500/1875: Loss=1.8841
Epoch 9, Batch 1550/1875: Loss=2.2026
Epoch 9, Batch 1600/1875: Loss=1.9496
Epoch 9, Batch 1650/1875: Loss=2.0587
Epoch 9, Batch 1700/1875: Loss=2.0297
Epoch 9, Batch 1750/1875: Loss=2.1591
Epoch 9, Batch 1800/1875: Loss=1.9283
Epoch 9, Batch 1850/1875: Loss=2.1017
Epoch 9 | Train Loss: 1.9903 | Test Accuracy: 17.59%
Final Test Accuracy: 17.59%

--- QI ViT-B/16 with Jet Loss ---
Epoch 0, Batch 0/1875: Loss=2.2382
Epoch 0, Batch 50/1875: Loss=2.4480
Epoch 0, Batch 100/1875: Loss=2.3658
Epoch 0, Batch 150/1875: Loss=2.3629
Epoch 0, Batch 200/1875: Loss=2.3904
Epoch 0, Batch 250/1875: Loss=2.3870
Epoch 0, Batch 300/1875: Loss=2.3027
Epoch 0, Batch 350/1875: Loss=2.2015
Epoch 0, Batch 400/1875: Loss=2.1261
Epoch 0, Batch 450/1875: Loss=2.3314
Epoch 0, Batch 500/1875: Loss=2.3379
Epoch 0, Batch 550/1875: Loss=2.0711
Epoch 0, Batch 600/1875: Loss=2.3852
Epoch 0, Batch 650/1875: Loss=2.3119
Epoch 0, Batch 700/1875: Loss=2.2032
Epoch 0, Batch 750/1875: Loss=2.1878
Epoch 0, Batch 800/1875: Loss=2.4023
Epoch 0, Batch 850/1875: Loss=2.2539
Epoch 0, Batch 900/1875: Loss=2.0336
Epoch 0, Batch 950/1875: Loss=2.1909
Epoch 0, Batch 1000/1875: Loss=2.0720
Epoch 0, Batch 1050/1875: Loss=2.1469
Epoch 0, Batch 1100/1875: Loss=2.1024
Epoch 0, Batch 1150/1875: Loss=2.2655
Epoch 0, Batch 1200/1875: Loss=2.2456
Epoch 0, Batch 1250/1875: Loss=2.0011
Epoch 0, Batch 1300/1875: Loss=2.3074
Epoch 0, Batch 1350/1875: Loss=2.3343
Epoch 0, Batch 1400/1875: Loss=2.2596
Epoch 0, Batch 1450/1875: Loss=2.3255
Epoch 0, Batch 1500/1875: Loss=2.3275
Epoch 0, Batch 1550/1875: Loss=2.4953
Epoch 0, Batch 1600/1875: Loss=2.2545
Epoch 0, Batch 1650/1875: Loss=2.2727
Epoch 0, Batch 1700/1875: Loss=2.2372
Epoch 0, Batch 1750/1875: Loss=2.2859
Epoch 0, Batch 1800/1875: Loss=2.2972
Epoch 0, Batch 1850/1875: Loss=2.3816
Epoch 0 | Train Loss: 2.3381 | Test Accuracy: 11.45%
Epoch 1, Batch 0/1875: Loss=2.2630
Epoch 1, Batch 50/1875: Loss=2.4417
Epoch 1, Batch 100/1875: Loss=2.3360
Epoch 1, Batch 150/1875: Loss=2.3684
Epoch 1, Batch 200/1875: Loss=2.3325
Epoch 1, Batch 250/1875: Loss=2.2535
Epoch 1, Batch 300/1875: Loss=2.3551
Epoch 1, Batch 350/1875: Loss=2.2362
Epoch 1, Batch 400/1875: Loss=2.3123
Epoch 1, Batch 450/1875: Loss=2.2163
Epoch 1, Batch 500/1875: Loss=2.2833
Epoch 1, Batch 550/1875: Loss=2.4349
Epoch 1, Batch 600/1875: Loss=2.2490
Epoch 1, Batch 650/1875: Loss=2.2367
Epoch 1, Batch 700/1875: Loss=2.0958
Epoch 1, Batch 750/1875: Loss=2.1738
Epoch 1, Batch 800/1875: Loss=2.3776
Epoch 1, Batch 850/1875: Loss=2.2862
Epoch 1, Batch 900/1875: Loss=2.1521
Epoch 1, Batch 950/1875: Loss=2.1826
Epoch 1, Batch 1000/1875: Loss=2.2081
Epoch 1, Batch 1050/1875: Loss=2.2353
Epoch 1, Batch 1100/1875: Loss=2.2536
Epoch 1, Batch 1150/1875: Loss=2.3154
Epoch 1, Batch 1200/1875: Loss=2.2153
Epoch 1, Batch 1250/1875: Loss=2.2793
Epoch 1, Batch 1300/1875: Loss=2.3409
Epoch 1, Batch 1350/1875: Loss=2.3323
Epoch 1, Batch 1400/1875: Loss=2.2380
Epoch 1, Batch 1450/1875: Loss=2.2846
Epoch 1, Batch 1500/1875: Loss=2.2940
Epoch 1, Batch 1550/1875: Loss=2.1087
Epoch 1, Batch 1600/1875: Loss=2.2497
Epoch 1, Batch 1650/1875: Loss=2.2685
Epoch 1, Batch 1700/1875: Loss=2.2076
Epoch 1, Batch 1750/1875: Loss=2.0661
Epoch 1, Batch 1800/1875: Loss=2.2561
Epoch 1, Batch 1850/1875: Loss=2.2102
Epoch 1 | Train Loss: 2.2624 | Test Accuracy: 15.44%
Epoch 2, Batch 0/1875: Loss=2.1732
Epoch 2, Batch 50/1875: Loss=2.2483
Epoch 2, Batch 100/1875: Loss=2.1200
Epoch 2, Batch 150/1875: Loss=2.1499
Epoch 2, Batch 200/1875: Loss=2.1373
Epoch 2, Batch 250/1875: Loss=2.2684
Epoch 2, Batch 300/1875: Loss=2.2761
Epoch 2, Batch 350/1875: Loss=2.3644
Epoch 2, Batch 400/1875: Loss=2.1874
Epoch 2, Batch 450/1875: Loss=2.2532
Epoch 2, Batch 500/1875: Loss=2.2246
Epoch 2, Batch 550/1875: Loss=2.1094
Epoch 2, Batch 600/1875: Loss=2.1638
Epoch 2, Batch 650/1875: Loss=2.0398
Epoch 2, Batch 700/1875: Loss=2.1836
Epoch 2, Batch 750/1875: Loss=2.2625
Epoch 2, Batch 800/1875: Loss=2.1791
Epoch 2, Batch 850/1875: Loss=2.2017
Epoch 2, Batch 900/1875: Loss=2.2444
Epoch 2, Batch 950/1875: Loss=2.0901
Epoch 2, Batch 1000/1875: Loss=2.2546
Epoch 2, Batch 1050/1875: Loss=2.0546
Epoch 2, Batch 1100/1875: Loss=2.1942
Epoch 2, Batch 1150/1875: Loss=2.0717
Epoch 2, Batch 1200/1875: Loss=2.2757
Epoch 2, Batch 1250/1875: Loss=2.1532
Epoch 2, Batch 1300/1875: Loss=2.2248
Epoch 2, Batch 1350/1875: Loss=2.2616
Epoch 2, Batch 1400/1875: Loss=2.3250
Epoch 2, Batch 1450/1875: Loss=2.0245
Epoch 2, Batch 1500/1875: Loss=2.3198
Epoch 2, Batch 1550/1875: Loss=2.3139
Epoch 2, Batch 1600/1875: Loss=2.3080
Epoch 2, Batch 1650/1875: Loss=2.2882
Epoch 2, Batch 1700/1875: Loss=2.3295
Epoch 2, Batch 1750/1875: Loss=2.3104
Epoch 2, Batch 1800/1875: Loss=2.2796
Epoch 2, Batch 1850/1875: Loss=2.2761
Epoch 2 | Train Loss: 2.2144 | Test Accuracy: 11.05%
Epoch 3, Batch 0/1875: Loss=2.2785
Epoch 3, Batch 50/1875: Loss=2.2896
Epoch 3, Batch 100/1875: Loss=2.2404
Epoch 3, Batch 150/1875: Loss=2.2782
Epoch 3, Batch 200/1875: Loss=2.2424
Epoch 3, Batch 250/1875: Loss=2.5798
Epoch 3, Batch 300/1875: Loss=2.3427
Epoch 3, Batch 350/1875: Loss=2.3022
Epoch 3, Batch 400/1875: Loss=2.3054
Epoch 3, Batch 450/1875: Loss=2.3183
Epoch 3, Batch 500/1875: Loss=2.3084
Epoch 3, Batch 550/1875: Loss=2.2832
Epoch 3, Batch 600/1875: Loss=2.2821
Epoch 3, Batch 650/1875: Loss=2.2999
Epoch 3, Batch 700/1875: Loss=2.2620
Epoch 3, Batch 750/1875: Loss=2.3349
Epoch 3, Batch 800/1875: Loss=2.3173
Epoch 3, Batch 850/1875: Loss=2.3382
Epoch 3, Batch 900/1875: Loss=2.2940
Epoch 3, Batch 950/1875: Loss=2.3080
Epoch 3, Batch 1000/1875: Loss=2.2953
Epoch 3, Batch 1050/1875: Loss=2.2178
Epoch 3, Batch 1100/1875: Loss=2.3067
Epoch 3, Batch 1150/1875: Loss=2.3057
Epoch 3, Batch 1200/1875: Loss=2.3329
Epoch 3, Batch 1250/1875: Loss=2.3201
Epoch 3, Batch 1300/1875: Loss=2.2936
Epoch 3, Batch 1350/1875: Loss=2.2870
Epoch 3, Batch 1400/1875: Loss=2.2876
Epoch 3, Batch 1450/1875: Loss=2.2938
Epoch 3, Batch 1500/1875: Loss=2.2988
Epoch 3, Batch 1550/1875: Loss=2.3143
Epoch 3, Batch 1600/1875: Loss=2.3238
Epoch 3, Batch 1650/1875: Loss=2.3151
Epoch 3, Batch 1700/1875: Loss=2.3057
Epoch 3, Batch 1750/1875: Loss=2.3060
Epoch 3, Batch 1800/1875: Loss=2.2868
Epoch 3, Batch 1850/1875: Loss=2.3054
Epoch 3 | Train Loss: 2.3104 | Test Accuracy: 10.10%
Epoch 4, Batch 0/1875: Loss=2.3154
Epoch 4, Batch 50/1875: Loss=2.2910
Epoch 4, Batch 100/1875: Loss=2.2912
Epoch 4, Batch 150/1875: Loss=2.2987
Epoch 4, Batch 200/1875: Loss=2.2892
Epoch 4, Batch 250/1875: Loss=2.2801
Epoch 4, Batch 300/1875: Loss=2.3312
Epoch 4, Batch 350/1875: Loss=2.2830
Epoch 4, Batch 400/1875: Loss=2.2920
Epoch 4, Batch 450/1875: Loss=2.3116
Epoch 4, Batch 500/1875: Loss=2.3066
Epoch 4, Batch 550/1875: Loss=2.3178
Epoch 4, Batch 600/1875: Loss=2.2978
Epoch 4, Batch 650/1875: Loss=2.3025
Epoch 4, Batch 700/1875: Loss=2.3100
Epoch 4, Batch 750/1875: Loss=2.2438
Epoch 4, Batch 800/1875: Loss=2.2836
Epoch 4, Batch 850/1875: Loss=2.2906
Epoch 4, Batch 900/1875: Loss=2.3041
Epoch 4, Batch 950/1875: Loss=2.3026
Epoch 4, Batch 1000/1875: Loss=2.2786
Epoch 4, Batch 1050/1875: Loss=2.2973
Epoch 4, Batch 1100/1875: Loss=2.2889
Epoch 4, Batch 1150/1875: Loss=2.3452
Epoch 4, Batch 1200/1875: Loss=2.3009
Epoch 4, Batch 1250/1875: Loss=2.3267
Epoch 4, Batch 1300/1875: Loss=2.2675
Epoch 4, Batch 1350/1875: Loss=2.2812
Epoch 4, Batch 1400/1875: Loss=2.2984
Epoch 4, Batch 1450/1875: Loss=2.2821
Epoch 4, Batch 1500/1875: Loss=2.3157
Epoch 4, Batch 1550/1875: Loss=2.2910
Epoch 4, Batch 1600/1875: Loss=2.2807
Epoch 4, Batch 1650/1875: Loss=2.2969
Epoch 4, Batch 1700/1875: Loss=2.2940
Epoch 4, Batch 1750/1875: Loss=2.3165
Epoch 4, Batch 1800/1875: Loss=2.3016
Epoch 4, Batch 1850/1875: Loss=2.3009
Epoch 4 | Train Loss: 2.3014 | Test Accuracy: 12.73%
Epoch 5, Batch 0/1875: Loss=2.2996
Epoch 5, Batch 50/1875: Loss=2.3126
Epoch 5, Batch 100/1875: Loss=2.2890
Epoch 5, Batch 150/1875: Loss=2.3085
Epoch 5, Batch 200/1875: Loss=2.2738
Epoch 5, Batch 250/1875: Loss=2.2892
Epoch 5, Batch 300/1875: Loss=2.3004
Epoch 5, Batch 350/1875: Loss=2.3625
Epoch 5, Batch 400/1875: Loss=2.2817
Epoch 5, Batch 450/1875: Loss=2.2314
Epoch 5, Batch 500/1875: Loss=2.3147
Epoch 5, Batch 550/1875: Loss=2.2673
Epoch 5, Batch 600/1875: Loss=2.2723
Epoch 5, Batch 650/1875: Loss=2.2882
Epoch 5, Batch 700/1875: Loss=2.3052
Epoch 5, Batch 750/1875: Loss=2.1838
Epoch 5, Batch 800/1875: Loss=2.1797
Epoch 5, Batch 850/1875: Loss=2.2262
Epoch 5, Batch 900/1875: Loss=2.1773
Epoch 5, Batch 950/1875: Loss=2.1527
Epoch 5, Batch 1000/1875: Loss=2.1892
Epoch 5, Batch 1050/1875: Loss=2.1353
Epoch 5, Batch 1100/1875: Loss=2.0881
Epoch 5, Batch 1150/1875: Loss=1.9293
Epoch 5, Batch 1200/1875: Loss=2.2928
Epoch 5, Batch 1250/1875: Loss=2.0928
Epoch 5, Batch 1300/1875: Loss=2.0779
Epoch 5, Batch 1350/1875: Loss=2.1761
Epoch 5, Batch 1400/1875: Loss=2.1995
Epoch 5, Batch 1450/1875: Loss=2.2374
Epoch 5, Batch 1500/1875: Loss=2.0330
Epoch 5, Batch 1550/1875: Loss=1.9874
Epoch 5, Batch 1600/1875: Loss=2.2174
Epoch 5, Batch 1650/1875: Loss=1.9934
Epoch 5, Batch 1700/1875: Loss=2.0703
Epoch 5, Batch 1750/1875: Loss=1.9134
Epoch 5, Batch 1800/1875: Loss=2.0670
Epoch 5, Batch 1850/1875: Loss=1.9150
Epoch 5 | Train Loss: 2.2043 | Test Accuracy: 20.97%
Epoch 6, Batch 0/1875: Loss=2.2015
Epoch 6, Batch 50/1875: Loss=2.0256
Epoch 6, Batch 100/1875: Loss=2.0895
Epoch 6, Batch 150/1875: Loss=2.1907
Epoch 6, Batch 200/1875: Loss=2.1117
Epoch 6, Batch 250/1875: Loss=2.3041
Epoch 6, Batch 300/1875: Loss=2.1854
Epoch 6, Batch 350/1875: Loss=2.1443
Epoch 6, Batch 400/1875: Loss=2.2934
Epoch 6, Batch 450/1875: Loss=2.3053
Epoch 6, Batch 500/1875: Loss=2.2425
Epoch 6, Batch 550/1875: Loss=2.5890
Epoch 6, Batch 600/1875: Loss=2.3416
Epoch 6, Batch 650/1875: Loss=2.2836
Epoch 6, Batch 700/1875: Loss=2.2078
Epoch 6, Batch 750/1875: Loss=2.2640
Epoch 6, Batch 800/1875: Loss=2.2213
Epoch 6, Batch 850/1875: Loss=2.2501
Epoch 6, Batch 900/1875: Loss=2.2792
Epoch 6, Batch 950/1875: Loss=2.3053
Epoch 6, Batch 1000/1875: Loss=2.3234
Epoch 6, Batch 1050/1875: Loss=2.2966
Epoch 6, Batch 1100/1875: Loss=2.2474
Epoch 6, Batch 1150/1875: Loss=2.2837
Epoch 6, Batch 1200/1875: Loss=2.2864
Epoch 6, Batch 1250/1875: Loss=2.3982
Epoch 6, Batch 1300/1875: Loss=2.2321
Epoch 6, Batch 1350/1875: Loss=2.7465
Epoch 6, Batch 1400/1875: Loss=2.2812
Epoch 6, Batch 1450/1875: Loss=2.2840
Epoch 6, Batch 1500/1875: Loss=2.2381
Epoch 6, Batch 1550/1875: Loss=2.2756
Epoch 6, Batch 1600/1875: Loss=2.2648
Epoch 6, Batch 1650/1875: Loss=2.2574
Epoch 6, Batch 1700/1875: Loss=2.1951
Epoch 6, Batch 1750/1875: Loss=2.3024
Epoch 6, Batch 1800/1875: Loss=2.2950
Epoch 6, Batch 1850/1875: Loss=2.2026
Epoch 6 | Train Loss: 2.2596 | Test Accuracy: 16.16%
Epoch 7, Batch 0/1875: Loss=2.2906
Epoch 7, Batch 50/1875: Loss=2.1939
Epoch 7, Batch 100/1875: Loss=2.4546
Epoch 7, Batch 150/1875: Loss=2.3760
Epoch 7, Batch 200/1875: Loss=2.4073
Epoch 7, Batch 250/1875: Loss=2.1784
Epoch 7, Batch 300/1875: Loss=2.1728
Epoch 7, Batch 350/1875: Loss=2.2662
Epoch 7, Batch 400/1875: Loss=2.2064
Epoch 7, Batch 450/1875: Loss=2.3692
Epoch 7, Batch 500/1875: Loss=2.0697
Epoch 7, Batch 550/1875: Loss=2.2601
Epoch 7, Batch 600/1875: Loss=2.2503
Epoch 7, Batch 650/1875: Loss=2.3503
Epoch 7, Batch 700/1875: Loss=2.2049
Epoch 7, Batch 750/1875: Loss=2.1176
Epoch 7, Batch 800/1875: Loss=2.0962
Epoch 7, Batch 850/1875: Loss=2.2984
Epoch 7, Batch 900/1875: Loss=2.2088
Epoch 7, Batch 950/1875: Loss=2.2966
Epoch 7, Batch 1000/1875: Loss=2.3766
Epoch 7, Batch 1050/1875: Loss=2.3564
Epoch 7, Batch 1100/1875: Loss=2.3253
Epoch 7, Batch 1150/1875: Loss=2.2768
Epoch 7, Batch 1200/1875: Loss=2.2446
Epoch 7, Batch 1250/1875: Loss=2.3056
Epoch 7, Batch 1300/1875: Loss=2.2762
Epoch 7, Batch 1350/1875: Loss=2.2693
Epoch 7, Batch 1400/1875: Loss=2.3640
Epoch 7, Batch 1450/1875: Loss=2.2227
Epoch 7, Batch 1500/1875: Loss=2.2556
Epoch 7, Batch 1550/1875: Loss=2.2736
Epoch 7, Batch 1600/1875: Loss=2.2525
Epoch 7, Batch 1650/1875: Loss=2.2876
Epoch 7, Batch 1700/1875: Loss=2.2612
Epoch 7, Batch 1750/1875: Loss=2.2522
Epoch 7, Batch 1800/1875: Loss=2.2779
Epoch 7, Batch 1850/1875: Loss=2.2390
Epoch 7 | Train Loss: 2.2717 | Test Accuracy: 14.30%
Epoch 8, Batch 0/1875: Loss=2.2726
Epoch 8, Batch 50/1875: Loss=2.3633
Epoch 8, Batch 100/1875: Loss=2.2244
Epoch 8, Batch 150/1875: Loss=2.2207
Epoch 8, Batch 200/1875: Loss=2.3720
Epoch 8, Batch 250/1875: Loss=2.3920
Epoch 8, Batch 300/1875: Loss=2.3591
Epoch 8, Batch 350/1875: Loss=2.2566
Epoch 8, Batch 400/1875: Loss=2.3075
Epoch 8, Batch 450/1875: Loss=2.2800
Epoch 8, Batch 500/1875: Loss=2.3363
Epoch 8, Batch 550/1875: Loss=2.3236
Epoch 8, Batch 600/1875: Loss=2.2561
Epoch 8, Batch 650/1875: Loss=2.2674
Epoch 8, Batch 700/1875: Loss=2.2882
Epoch 8, Batch 750/1875: Loss=2.3260
Epoch 8, Batch 800/1875: Loss=1227.6403
Epoch 8, Batch 850/1875: Loss=2.3502
Epoch 8, Batch 900/1875: Loss=2.3619
Epoch 8, Batch 950/1875: Loss=2.3210
Epoch 8, Batch 1000/1875: Loss=2.2270
Epoch 8, Batch 1050/1875: Loss=2.2865
Epoch 8, Batch 1100/1875: Loss=2.3228
Epoch 8, Batch 1150/1875: Loss=2.2773
Epoch 8, Batch 1200/1875: Loss=2.3335
Epoch 8, Batch 1250/1875: Loss=2.2975
Epoch 8, Batch 1300/1875: Loss=2.2990
Epoch 8, Batch 1350/1875: Loss=2.3837
Epoch 8, Batch 1400/1875: Loss=2.3325
Epoch 8, Batch 1450/1875: Loss=2.2988
Epoch 8, Batch 1500/1875: Loss=2.3196
Epoch 8, Batch 1550/1875: Loss=2.3292
Epoch 8, Batch 1600/1875: Loss=2.3111
Epoch 8, Batch 1650/1875: Loss=2.3177
Epoch 8, Batch 1700/1875: Loss=2.2788
Epoch 8, Batch 1750/1875: Loss=2.3000
Epoch 8, Batch 1800/1875: Loss=2.3977
Epoch 8, Batch 1850/1875: Loss=2.3331
Epoch 8 | Train Loss: 5.6860 | Test Accuracy: 13.36%
Epoch 9, Batch 0/1875: Loss=2.2623
Epoch 9, Batch 50/1875: Loss=2.3317
Epoch 9, Batch 100/1875: Loss=2.2976
Epoch 9, Batch 150/1875: Loss=2.3302
Epoch 9, Batch 200/1875: Loss=2.2862
Epoch 9, Batch 250/1875: Loss=2.3283
Epoch 9, Batch 300/1875: Loss=2.2958
Epoch 9, Batch 350/1875: Loss=2.2623
Epoch 9, Batch 400/1875: Loss=2.2913
Epoch 9, Batch 450/1875: Loss=2.3557
Epoch 9, Batch 500/1875: Loss=2.3285
Epoch 9, Batch 550/1875: Loss=2.2863
Epoch 9, Batch 600/1875: Loss=2.2812
Epoch 9, Batch 650/1875: Loss=2.3083
Epoch 9, Batch 700/1875: Loss=2.3022
Epoch 9, Batch 750/1875: Loss=2.2632
Epoch 9, Batch 800/1875: Loss=2.3339
Epoch 9, Batch 850/1875: Loss=2.2894
Epoch 9, Batch 900/1875: Loss=2.2953
Epoch 9, Batch 950/1875: Loss=2.3055
Epoch 9, Batch 1000/1875: Loss=2.3009
Epoch 9, Batch 1050/1875: Loss=2.2893
Epoch 9, Batch 1100/1875: Loss=2.3175
Epoch 9, Batch 1150/1875: Loss=2.3342
Epoch 9, Batch 1200/1875: Loss=2.3258
Epoch 9, Batch 1250/1875: Loss=2.2615
Epoch 9, Batch 1300/1875: Loss=2.3006
Epoch 9, Batch 1350/1875: Loss=2.2885
Epoch 9, Batch 1400/1875: Loss=2.3144
Epoch 9, Batch 1450/1875: Loss=2.2865
Epoch 9, Batch 1500/1875: Loss=2.3149
Epoch 9, Batch 1550/1875: Loss=2.3009
Epoch 9, Batch 1600/1875: Loss=2.3269
Epoch 9, Batch 1650/1875: Loss=2.2967
Epoch 9, Batch 1700/1875: Loss=2.2989
Epoch 9, Batch 1750/1875: Loss=2.3003
Epoch 9, Batch 1800/1875: Loss=2.2936
Epoch 9, Batch 1850/1875: Loss=2.3030
Epoch 9 | Train Loss: 38939.8121 | Test Accuracy: 11.24%
Final Test Accuracy: 11.24%

--- QI ViT-B/16 without Jet Loss 2F ---
Epoch 0, Batch 0/1875: Loss=2.4498
Epoch 0, Batch 50/1875: Loss=2.4574
Epoch 0, Batch 100/1875: Loss=2.2918
Epoch 0, Batch 150/1875: Loss=2.3470
Epoch 0, Batch 200/1875: Loss=2.4003
Epoch 0, Batch 250/1875: Loss=2.1692
Epoch 0, Batch 300/1875: Loss=5.4023
Epoch 0, Batch 350/1875: Loss=2.3100
Epoch 0, Batch 400/1875: Loss=2.1799
Epoch 0, Batch 450/1875: Loss=2.2055
Epoch 0, Batch 500/1875: Loss=2.0896
Epoch 0, Batch 550/1875: Loss=2.3008
Epoch 0, Batch 600/1875: Loss=2.3077
Epoch 0, Batch 650/1875: Loss=2.3369
Epoch 0, Batch 700/1875: Loss=2.4134
Epoch 0, Batch 750/1875: Loss=2.3384
Epoch 0, Batch 800/1875: Loss=2.3275
Epoch 0, Batch 850/1875: Loss=2.2897
Epoch 0, Batch 900/1875: Loss=2.3111
Epoch 0, Batch 950/1875: Loss=2.3781
Epoch 0, Batch 1000/1875: Loss=2.2195
Epoch 0, Batch 1050/1875: Loss=2.3807
Epoch 0, Batch 1100/1875: Loss=2.2973
Epoch 0, Batch 1150/1875: Loss=2.2747
Epoch 0, Batch 1200/1875: Loss=2.1808
Epoch 0, Batch 1250/1875: Loss=2.1498
Epoch 0, Batch 1300/1875: Loss=2.3191
Epoch 0, Batch 1350/1875: Loss=2.1792
Epoch 0, Batch 1400/1875: Loss=2.4525
Epoch 0, Batch 1450/1875: Loss=2.3478
Epoch 0, Batch 1500/1875: Loss=2.3132
Epoch 0, Batch 1550/1875: Loss=2.2952
Epoch 0, Batch 1600/1875: Loss=2.3444
Epoch 0, Batch 1650/1875: Loss=2.3785
Epoch 0, Batch 1700/1875: Loss=2.3422
Epoch 0, Batch 1750/1875: Loss=2.2350
Epoch 0, Batch 1800/1875: Loss=2.3727
Epoch 0, Batch 1850/1875: Loss=2.1986
Epoch 0 | Train Loss: 2.3105 | Test Accuracy: 19.96%
Epoch 1, Batch 0/1875: Loss=2.2634
Epoch 1, Batch 50/1875: Loss=2.2008
Epoch 1, Batch 100/1875: Loss=2.1203
Epoch 1, Batch 150/1875: Loss=2.1664
Epoch 1, Batch 200/1875: Loss=2.2072
Epoch 1, Batch 250/1875: Loss=2.2162
Epoch 1, Batch 300/1875: Loss=2.1853
Epoch 1, Batch 350/1875: Loss=2.2546
Epoch 1, Batch 400/1875: Loss=2.2274
Epoch 1, Batch 450/1875: Loss=2.2118
Epoch 1, Batch 500/1875: Loss=2.2813
Epoch 1, Batch 550/1875: Loss=2.2835
Epoch 1, Batch 600/1875: Loss=2.2337
Epoch 1, Batch 650/1875: Loss=2.2701
Epoch 1, Batch 700/1875: Loss=2.1272
Epoch 1, Batch 750/1875: Loss=2.1331
Epoch 1, Batch 800/1875: Loss=2.3450
Epoch 1, Batch 850/1875: Loss=2.2898
Epoch 1, Batch 900/1875: Loss=2.2830
Epoch 1, Batch 950/1875: Loss=2.2846
Epoch 1, Batch 1000/1875: Loss=2.4588
Epoch 1, Batch 1050/1875: Loss=2.3085
Epoch 1, Batch 1100/1875: Loss=2.3428
Epoch 1, Batch 1150/1875: Loss=2.3469
Epoch 1, Batch 1200/1875: Loss=2.3068
Epoch 1, Batch 1250/1875: Loss=2.2949
Epoch 1, Batch 1300/1875: Loss=2.2921
Epoch 1, Batch 1350/1875: Loss=2.2834
Epoch 1, Batch 1400/1875: Loss=2.2999
Epoch 1, Batch 1450/1875: Loss=2.3094
Epoch 1, Batch 1500/1875: Loss=2.3338
Epoch 1, Batch 1550/1875: Loss=2.3240
Epoch 1, Batch 1600/1875: Loss=2.3284
Epoch 1, Batch 1650/1875: Loss=2.2875
Epoch 1, Batch 1700/1875: Loss=2.3969
Epoch 1, Batch 1750/1875: Loss=2.4032
Epoch 1, Batch 1800/1875: Loss=2.3296
Epoch 1, Batch 1850/1875: Loss=2.2984
Epoch 1 | Train Loss: 2.2852 | Test Accuracy: 12.84%
Epoch 2, Batch 0/1875: Loss=2.3119
Epoch 2, Batch 50/1875: Loss=2.2787
Epoch 2, Batch 100/1875: Loss=2.2821
Epoch 2, Batch 150/1875: Loss=2.3170
Epoch 2, Batch 200/1875: Loss=2.2776
Epoch 2, Batch 250/1875: Loss=2.3000
Epoch 2, Batch 300/1875: Loss=2.3425
Epoch 2, Batch 350/1875: Loss=2.3403
Epoch 2, Batch 400/1875: Loss=2.2791
Epoch 2, Batch 450/1875: Loss=2.3106
Epoch 2, Batch 500/1875: Loss=2.2518
Epoch 2, Batch 550/1875: Loss=2.3315
Epoch 2, Batch 600/1875: Loss=2.2524
Epoch 2, Batch 650/1875: Loss=2.2828
Epoch 2, Batch 700/1875: Loss=2.2349
Epoch 2, Batch 750/1875: Loss=2.2724
Epoch 2, Batch 800/1875: Loss=2.2800
Epoch 2, Batch 850/1875: Loss=2.4851
Epoch 2, Batch 900/1875: Loss=2.5275
Epoch 2, Batch 950/1875: Loss=2.3632
Epoch 2, Batch 1000/1875: Loss=2.3280
Epoch 2, Batch 1050/1875: Loss=2.3491
Epoch 2, Batch 1100/1875: Loss=2.3576
Epoch 2, Batch 1150/1875: Loss=2.3086
Epoch 2, Batch 1200/1875: Loss=2.3909
Epoch 2, Batch 1250/1875: Loss=2.3434
Epoch 2, Batch 1300/1875: Loss=2.4631
Epoch 2, Batch 1350/1875: Loss=2.3986
Epoch 2, Batch 1400/1875: Loss=2.3778
Epoch 2, Batch 1450/1875: Loss=2.3154
Epoch 2, Batch 1500/1875: Loss=2.2691
Epoch 2, Batch 1550/1875: Loss=2.2414
Epoch 2, Batch 1600/1875: Loss=2.2914
Epoch 2, Batch 1650/1875: Loss=2.2842
Epoch 2, Batch 1700/1875: Loss=2.2579
Epoch 2, Batch 1750/1875: Loss=2.3121
Epoch 2, Batch 1800/1875: Loss=2.2759
Epoch 2, Batch 1850/1875: Loss=2.3676
Epoch 2 | Train Loss: 2.3158 | Test Accuracy: 9.74%
Epoch 3, Batch 0/1875: Loss=2.3329
Epoch 3, Batch 50/1875: Loss=2.3217
Epoch 3, Batch 100/1875: Loss=2.3056
Epoch 3, Batch 150/1875: Loss=2.3079
Epoch 3, Batch 200/1875: Loss=2.2786
Epoch 3, Batch 250/1875: Loss=2.3697
Epoch 3, Batch 300/1875: Loss=2.2884
Epoch 3, Batch 350/1875: Loss=2.3170
Epoch 3, Batch 400/1875: Loss=2.2310
Epoch 3, Batch 450/1875: Loss=2.2369
Epoch 3, Batch 500/1875: Loss=2.2721
Epoch 3, Batch 550/1875: Loss=2.3098
Epoch 3, Batch 600/1875: Loss=2.3111
Epoch 3, Batch 650/1875: Loss=2.1662
Epoch 3, Batch 700/1875: Loss=2.2841
Epoch 3, Batch 750/1875: Loss=2.2433
Epoch 3, Batch 800/1875: Loss=2.3923
Epoch 3, Batch 850/1875: Loss=2.3426
Epoch 3, Batch 900/1875: Loss=2.3019
Epoch 3, Batch 950/1875: Loss=2.2749
Epoch 3, Batch 1000/1875: Loss=2.2988
Epoch 3, Batch 1050/1875: Loss=2.1746
Epoch 3, Batch 1100/1875: Loss=2.2341
Epoch 3, Batch 1150/1875: Loss=2.3069
Epoch 3, Batch 1200/1875: Loss=2.2718
Epoch 3, Batch 1250/1875: Loss=2.4343
Epoch 3, Batch 1300/1875: Loss=2.3859
Epoch 3, Batch 1350/1875: Loss=2.2666
Epoch 3, Batch 1400/1875: Loss=2.3142
Epoch 3, Batch 1450/1875: Loss=2.3201
Epoch 3, Batch 1500/1875: Loss=2.3318
Epoch 3, Batch 1550/1875: Loss=2.2880
Epoch 3, Batch 1600/1875: Loss=2.3018
Epoch 3, Batch 1650/1875: Loss=2.2343
Epoch 3, Batch 1700/1875: Loss=2.3103
Epoch 3, Batch 1750/1875: Loss=2.3018
Epoch 3, Batch 1800/1875: Loss=2.3346
Epoch 3, Batch 1850/1875: Loss=2.3090
Epoch 3 | Train Loss: 2.3161 | Test Accuracy: 12.31%
Epoch 4, Batch 0/1875: Loss=2.2800
Epoch 4, Batch 50/1875: Loss=2.3249
Epoch 4, Batch 100/1875: Loss=2.3203
Epoch 4, Batch 150/1875: Loss=2.2757
Epoch 4, Batch 200/1875: Loss=2.3193
Epoch 4, Batch 250/1875: Loss=2.2681
Epoch 4, Batch 300/1875: Loss=2.2854
Epoch 4, Batch 350/1875: Loss=2.2475
Epoch 4, Batch 400/1875: Loss=2.2941
Epoch 4, Batch 450/1875: Loss=2.3750
Epoch 4, Batch 500/1875: Loss=2.3128
Epoch 4, Batch 550/1875: Loss=2.2847
Epoch 4, Batch 600/1875: Loss=2.3323
Epoch 4, Batch 650/1875: Loss=2.2942
Epoch 4, Batch 700/1875: Loss=2.2975
Epoch 4, Batch 750/1875: Loss=2.3012
Epoch 4, Batch 800/1875: Loss=2.2641
Epoch 4, Batch 850/1875: Loss=2.2797
Epoch 4, Batch 900/1875: Loss=2.3025
Epoch 4, Batch 950/1875: Loss=2.3163
Epoch 4, Batch 1000/1875: Loss=2.2456
Epoch 4, Batch 1050/1875: Loss=2.3432
Epoch 4, Batch 1100/1875: Loss=2.2966
Epoch 4, Batch 1150/1875: Loss=2.2866
Epoch 4, Batch 1200/1875: Loss=2.3088
Epoch 4, Batch 1250/1875: Loss=2.3204
Epoch 4, Batch 1300/1875: Loss=2.3091
Epoch 4, Batch 1350/1875: Loss=2.3266
Epoch 4, Batch 1400/1875: Loss=2.2749
Epoch 4, Batch 1450/1875: Loss=2.2786
Epoch 4, Batch 1500/1875: Loss=2.2608
Epoch 4, Batch 1550/1875: Loss=2.3134
Epoch 4, Batch 1600/1875: Loss=2.2857
Epoch 4, Batch 1650/1875: Loss=2.3224
Epoch 4, Batch 1700/1875: Loss=2.1906
Epoch 4, Batch 1750/1875: Loss=2.2988
Epoch 4, Batch 1800/1875: Loss=2.2793
Epoch 4, Batch 1850/1875: Loss=2.2930
Epoch 4 | Train Loss: 2.2976 | Test Accuracy: 14.10%
Epoch 5, Batch 0/1875: Loss=2.2836
Epoch 5, Batch 50/1875: Loss=2.2696
Epoch 5, Batch 100/1875: Loss=2.3283
Epoch 5, Batch 150/1875: Loss=2.2790
Epoch 5, Batch 200/1875: Loss=2.2794
Epoch 5, Batch 250/1875: Loss=2.2862
Epoch 5, Batch 300/1875: Loss=2.2936
Epoch 5, Batch 350/1875: Loss=2.3018
Epoch 5, Batch 400/1875: Loss=2.2917
Epoch 5, Batch 450/1875: Loss=2.3022
Epoch 5, Batch 500/1875: Loss=2.3286
Epoch 5, Batch 550/1875: Loss=2.2861
Epoch 5, Batch 600/1875: Loss=2.2406
Epoch 5, Batch 650/1875: Loss=2.2612
Epoch 5, Batch 700/1875: Loss=2.3856
Epoch 5, Batch 750/1875: Loss=2.2969
Epoch 5, Batch 800/1875: Loss=2.2725
Epoch 5, Batch 850/1875: Loss=2.2661
Epoch 5, Batch 900/1875: Loss=2.3076
Epoch 5, Batch 950/1875: Loss=2.2834
Epoch 5, Batch 1000/1875: Loss=2.2533
Epoch 5, Batch 1050/1875: Loss=2.2034
Epoch 5, Batch 1100/1875: Loss=2.2921
Epoch 5, Batch 1150/1875: Loss=2.3030
Epoch 5, Batch 1200/1875: Loss=2.2748
Epoch 5, Batch 1250/1875: Loss=2.2668
Epoch 5, Batch 1300/1875: Loss=2.2588
Epoch 5, Batch 1350/1875: Loss=2.3081
Epoch 5, Batch 1400/1875: Loss=2.2709
Epoch 5, Batch 1450/1875: Loss=2.2885
Epoch 5, Batch 1500/1875: Loss=2.2924
Epoch 5, Batch 1550/1875: Loss=2.2822
Epoch 5, Batch 1600/1875: Loss=2.2969
Epoch 5, Batch 1650/1875: Loss=2.3556
Epoch 5, Batch 1700/1875: Loss=2.2608
Epoch 5, Batch 1750/1875: Loss=2.3392
Epoch 5, Batch 1800/1875: Loss=2.2624
Epoch 5, Batch 1850/1875: Loss=2.2521
Epoch 5 | Train Loss: 2.2977 | Test Accuracy: 12.15%
Epoch 6, Batch 0/1875: Loss=2.3007
Epoch 6, Batch 50/1875: Loss=2.3059
Epoch 6, Batch 100/1875: Loss=2.3024
Epoch 6, Batch 150/1875: Loss=2.3088
Epoch 6, Batch 200/1875: Loss=2.2716
Epoch 6, Batch 250/1875: Loss=2.2962
Epoch 6, Batch 300/1875: Loss=2.3093
Epoch 6, Batch 350/1875: Loss=2.2896
Epoch 6, Batch 400/1875: Loss=2.2531
Epoch 6, Batch 450/1875: Loss=2.2837
Epoch 6, Batch 500/1875: Loss=2.3046
Epoch 6, Batch 550/1875: Loss=2.2462
Epoch 6, Batch 600/1875: Loss=2.3014
Epoch 6, Batch 650/1875: Loss=2.2788
Epoch 6, Batch 700/1875: Loss=2.3115
Epoch 6, Batch 750/1875: Loss=2.3112
Epoch 6, Batch 800/1875: Loss=2.3337
Epoch 6, Batch 850/1875: Loss=2.3091
Epoch 6, Batch 900/1875: Loss=2.3598
Epoch 6, Batch 950/1875: Loss=2.2967
Epoch 6, Batch 1000/1875: Loss=2.2980
Epoch 6, Batch 1050/1875: Loss=2.3164
Epoch 6, Batch 1100/1875: Loss=2.3134
Epoch 6, Batch 1150/1875: Loss=2.3021
Epoch 6, Batch 1200/1875: Loss=2.3086
Epoch 6, Batch 1250/1875: Loss=2.3078
Epoch 6, Batch 1300/1875: Loss=2.2598
Epoch 6, Batch 1350/1875: Loss=2.2918
Epoch 6, Batch 1400/1875: Loss=2.2960
Epoch 6, Batch 1450/1875: Loss=2.2725
Epoch 6, Batch 1500/1875: Loss=2.2736
Epoch 6, Batch 1550/1875: Loss=2.3080
Epoch 6, Batch 1600/1875: Loss=2.2961
Epoch 6, Batch 1650/1875: Loss=2.3064
Epoch 6, Batch 1700/1875: Loss=2.2950
Epoch 6, Batch 1750/1875: Loss=2.2885
Epoch 6, Batch 1800/1875: Loss=2.2784
Epoch 6, Batch 1850/1875: Loss=2.3290
Epoch 6 | Train Loss: 2.2954 | Test Accuracy: 13.27%
Epoch 7, Batch 0/1875: Loss=2.2860
Epoch 7, Batch 50/1875: Loss=2.2899
Epoch 7, Batch 100/1875: Loss=2.3253
Epoch 7, Batch 150/1875: Loss=2.2293
Epoch 7, Batch 200/1875: Loss=2.2777
Epoch 7, Batch 250/1875: Loss=2.2662
Epoch 7, Batch 300/1875: Loss=2.2123
Epoch 7, Batch 350/1875: Loss=2.2419
Epoch 7, Batch 400/1875: Loss=2.4182
Epoch 7, Batch 450/1875: Loss=2.2891
Epoch 7, Batch 500/1875: Loss=2.3048
Epoch 7, Batch 550/1875: Loss=2.2692
Epoch 7, Batch 600/1875: Loss=2.2897
Epoch 7, Batch 650/1875: Loss=2.2989
Epoch 7, Batch 700/1875: Loss=2.2698
Epoch 7, Batch 750/1875: Loss=2.3136
Epoch 7, Batch 800/1875: Loss=2.2718
Epoch 7, Batch 850/1875: Loss=2.3089
Epoch 7, Batch 900/1875: Loss=2.3793
Epoch 7, Batch 950/1875: Loss=2.2950
Epoch 7, Batch 1000/1875: Loss=2.2954
Epoch 7, Batch 1050/1875: Loss=2.2859
Epoch 7, Batch 1100/1875: Loss=2.2869
Epoch 7, Batch 1150/1875: Loss=2.2767
Epoch 7, Batch 1200/1875: Loss=2.3030
Epoch 7, Batch 1250/1875: Loss=2.3142
Epoch 7, Batch 1300/1875: Loss=2.2985
Epoch 7, Batch 1350/1875: Loss=2.2984
Epoch 7, Batch 1400/1875: Loss=2.2801
Epoch 7, Batch 1450/1875: Loss=2.3349
Epoch 7, Batch 1500/1875: Loss=2.3034
Epoch 7, Batch 1550/1875: Loss=2.2652
Epoch 7, Batch 1600/1875: Loss=2.2714
Epoch 7, Batch 1650/1875: Loss=2.3069
Epoch 7, Batch 1700/1875: Loss=2.3130
Epoch 7, Batch 1750/1875: Loss=2.2556
Epoch 7, Batch 1800/1875: Loss=2.2908
Epoch 7, Batch 1850/1875: Loss=2.3353
Epoch 7 | Train Loss: 2.2977 | Test Accuracy: 12.47%
Epoch 8, Batch 0/1875: Loss=2.2980
Epoch 8, Batch 50/1875: Loss=2.3084
Epoch 8, Batch 100/1875: Loss=2.3032
Epoch 8, Batch 150/1875: Loss=2.3225
Epoch 8, Batch 200/1875: Loss=2.3014
Epoch 8, Batch 250/1875: Loss=2.2716
Epoch 8, Batch 300/1875: Loss=2.2940
Epoch 8, Batch 350/1875: Loss=2.3420
Epoch 8, Batch 400/1875: Loss=2.3035
Epoch 8, Batch 450/1875: Loss=2.2437
Epoch 8, Batch 500/1875: Loss=2.3009
Epoch 8, Batch 550/1875: Loss=2.3254
Epoch 8, Batch 600/1875: Loss=2.2922
Epoch 8, Batch 650/1875: Loss=2.2541
Epoch 8, Batch 700/1875: Loss=2.3180
Epoch 8, Batch 750/1875: Loss=2.3009
Epoch 8, Batch 800/1875: Loss=2.2827
Epoch 8, Batch 850/1875: Loss=2.2495
Epoch 8, Batch 900/1875: Loss=2.2835
Epoch 8, Batch 950/1875: Loss=2.2047
Epoch 8, Batch 1000/1875: Loss=2.2737
Epoch 8, Batch 1050/1875: Loss=2.2548
Epoch 8, Batch 1100/1875: Loss=2.2639
Epoch 8, Batch 1150/1875: Loss=2.2450
Epoch 8, Batch 1200/1875: Loss=2.2449
Epoch 8, Batch 1250/1875: Loss=2.3006
Epoch 8, Batch 1300/1875: Loss=2.3726
Epoch 8, Batch 1350/1875: Loss=2.2633
Epoch 8, Batch 1400/1875: Loss=2.3050
Epoch 8, Batch 1450/1875: Loss=2.2484
Epoch 8, Batch 1500/1875: Loss=2.2816
Epoch 8, Batch 1550/1875: Loss=2.2979
Epoch 8, Batch 1600/1875: Loss=2.2830
Epoch 8, Batch 1650/1875: Loss=2.2679
Epoch 8, Batch 1700/1875: Loss=2.3053
Epoch 8, Batch 1750/1875: Loss=2.2894
Epoch 8, Batch 1800/1875: Loss=2.3075
Epoch 8, Batch 1850/1875: Loss=2.3105
Epoch 8 | Train Loss: 2.2967 | Test Accuracy: 12.11%
Epoch 9, Batch 0/1875: Loss=2.2859
Epoch 9, Batch 50/1875: Loss=2.2799
Epoch 9, Batch 100/1875: Loss=2.3238
Epoch 9, Batch 150/1875: Loss=2.2830
Epoch 9, Batch 200/1875: Loss=2.2600
Epoch 9, Batch 250/1875: Loss=2.3019
Epoch 9, Batch 300/1875: Loss=2.3049
Epoch 9, Batch 350/1875: Loss=2.2928
Epoch 9, Batch 400/1875: Loss=2.2731
Epoch 9, Batch 450/1875: Loss=2.3076
Epoch 9, Batch 500/1875: Loss=2.3187
Epoch 9, Batch 550/1875: Loss=2.3100
Epoch 9, Batch 600/1875: Loss=2.2791
Epoch 9, Batch 650/1875: Loss=2.2994
Epoch 9, Batch 700/1875: Loss=2.2959
Epoch 9, Batch 750/1875: Loss=2.2813
Epoch 9, Batch 800/1875: Loss=2.2872
Epoch 9, Batch 850/1875: Loss=2.2795
Epoch 9, Batch 900/1875: Loss=2.2909
Epoch 9, Batch 950/1875: Loss=2.2841
Epoch 9, Batch 1000/1875: Loss=2.3318
Epoch 9, Batch 1050/1875: Loss=2.2549
Epoch 9, Batch 1100/1875: Loss=2.2677
Epoch 9, Batch 1150/1875: Loss=2.2746
Epoch 9, Batch 1200/1875: Loss=2.2304
Epoch 9, Batch 1250/1875: Loss=2.2731
Epoch 9, Batch 1300/1875: Loss=2.2686
Epoch 9, Batch 1350/1875: Loss=2.3130
Epoch 9, Batch 1400/1875: Loss=2.2975
Epoch 9, Batch 1450/1875: Loss=2.2942
Epoch 9, Batch 1500/1875: Loss=2.3132
Epoch 9, Batch 1550/1875: Loss=2.2518
Epoch 9, Batch 1600/1875: Loss=2.2916
Epoch 9, Batch 1650/1875: Loss=2.2573
Epoch 9, Batch 1700/1875: Loss=2.3492
Epoch 9, Batch 1750/1875: Loss=2.2893
Epoch 9, Batch 1800/1875: Loss=2.2610
Epoch 9, Batch 1850/1875: Loss=2.4424
Epoch 9 | Train Loss: 2.2901 | Test Accuracy: 15.57%
Final Test Accuracy: 15.57%

--- QI ViT-B/16 without Jet Loss 3F ---
Epoch 0, Batch 0/1875: Loss=2.4144
Epoch 0, Batch 50/1875: Loss=2.2463
Epoch 0, Batch 100/1875: Loss=2.4273
Epoch 0, Batch 150/1875: Loss=2.4153
Epoch 0, Batch 200/1875: Loss=2.3186
Epoch 0, Batch 250/1875: Loss=2.3573
Epoch 0, Batch 300/1875: Loss=2.3799
Epoch 0, Batch 350/1875: Loss=2.3685
Epoch 0, Batch 400/1875: Loss=2.3907
Epoch 0, Batch 450/1875: Loss=2.1428
Epoch 0, Batch 500/1875: Loss=2.0042
Epoch 0, Batch 550/1875: Loss=2.0918
Epoch 0, Batch 600/1875: Loss=1.9058
Epoch 0, Batch 650/1875: Loss=1.9912
Epoch 0, Batch 700/1875: Loss=1.9826
Epoch 0, Batch 750/1875: Loss=2.4119
Epoch 0, Batch 800/1875: Loss=2.3297
Epoch 0, Batch 850/1875: Loss=2.2563
Epoch 0, Batch 900/1875: Loss=2.2122
Epoch 0, Batch 950/1875: Loss=2.3177
Epoch 0, Batch 1000/1875: Loss=2.1071
Epoch 0, Batch 1050/1875: Loss=2.1597
Epoch 0, Batch 1100/1875: Loss=2.2726
Epoch 0, Batch 1150/1875: Loss=2.0944
Epoch 0, Batch 1200/1875: Loss=2.0760
Epoch 0, Batch 1250/1875: Loss=2.3757
Epoch 0, Batch 1300/1875: Loss=2.2260
Epoch 0, Batch 1350/1875: Loss=2.1001
Epoch 0, Batch 1400/1875: Loss=2.2441
Epoch 0, Batch 1450/1875: Loss=2.2983
Epoch 0, Batch 1500/1875: Loss=2.1162
Epoch 0, Batch 1550/1875: Loss=2.2579
Epoch 0, Batch 1600/1875: Loss=1.9303
Epoch 0, Batch 1650/1875: Loss=2.2697
Epoch 0, Batch 1700/1875: Loss=2.2156
Epoch 0, Batch 1750/1875: Loss=2.0075
Epoch 0, Batch 1800/1875: Loss=1.9731
Epoch 0, Batch 1850/1875: Loss=2.2084
Epoch 0 | Train Loss: 2.2497 | Test Accuracy: 21.48%
Epoch 1, Batch 0/1875: Loss=2.1349
Epoch 1, Batch 50/1875: Loss=2.0814
Epoch 1, Batch 100/1875: Loss=2.2327
Epoch 1, Batch 150/1875: Loss=1.9949
Epoch 1, Batch 200/1875: Loss=2.1846
Epoch 1, Batch 250/1875: Loss=2.1071
Epoch 1, Batch 300/1875: Loss=2.0422
Epoch 1, Batch 350/1875: Loss=2.0642
Epoch 1, Batch 400/1875: Loss=2.2258
Epoch 1, Batch 450/1875: Loss=2.0862
Epoch 1, Batch 500/1875: Loss=2.0932
Epoch 1, Batch 550/1875: Loss=2.0277
Epoch 1, Batch 600/1875: Loss=1.8845
Epoch 1, Batch 650/1875: Loss=1.9282
Epoch 1, Batch 700/1875: Loss=1.9418
Epoch 1, Batch 750/1875: Loss=2.1866
Epoch 1, Batch 800/1875: Loss=2.1090
Epoch 1, Batch 850/1875: Loss=2.1483
Epoch 1, Batch 900/1875: Loss=2.0811
Epoch 1, Batch 950/1875: Loss=1.7369
Epoch 1, Batch 1000/1875: Loss=2.2281
Epoch 1, Batch 1050/1875: Loss=2.1460
Epoch 1, Batch 1100/1875: Loss=2.1894
Epoch 1, Batch 1150/1875: Loss=1.9671
Epoch 1, Batch 1200/1875: Loss=1.9939
Epoch 1, Batch 1250/1875: Loss=1.7560
Epoch 1, Batch 1300/1875: Loss=1.7950
Epoch 1, Batch 1350/1875: Loss=1.9562
Epoch 1, Batch 1400/1875: Loss=2.3405
Epoch 1, Batch 1450/1875: Loss=2.2053
Epoch 1, Batch 1500/1875: Loss=2.1122
Epoch 1, Batch 1550/1875: Loss=2.1836
Epoch 1, Batch 1600/1875: Loss=2.0837
Epoch 1, Batch 1650/1875: Loss=1.9640
Epoch 1, Batch 1700/1875: Loss=1.8877
Epoch 1, Batch 1750/1875: Loss=1.8905
Epoch 1, Batch 1800/1875: Loss=2.0437
Epoch 1, Batch 1850/1875: Loss=2.1725
Epoch 1 | Train Loss: 2.0937 | Test Accuracy: 23.13%
Epoch 2, Batch 0/1875: Loss=1.8423
Epoch 2, Batch 50/1875: Loss=2.0893
Epoch 2, Batch 100/1875: Loss=1.9647
Epoch 2, Batch 150/1875: Loss=1.9908
Epoch 2, Batch 200/1875: Loss=2.3878
Epoch 2, Batch 250/1875: Loss=2.0125
Epoch 2, Batch 300/1875: Loss=2.1329
Epoch 2, Batch 350/1875: Loss=2.1514
Epoch 2, Batch 400/1875: Loss=2.2466
Epoch 2, Batch 450/1875: Loss=2.1711
Epoch 2, Batch 500/1875: Loss=2.1675
Epoch 2, Batch 550/1875: Loss=1.9740
Epoch 2, Batch 600/1875: Loss=1.9303
Epoch 2, Batch 650/1875: Loss=2.3180
Epoch 2, Batch 700/1875: Loss=2.1874
Epoch 2, Batch 750/1875: Loss=2.2224
Epoch 2, Batch 800/1875: Loss=2.1489
Epoch 2, Batch 850/1875: Loss=2.0941
Epoch 2, Batch 900/1875: Loss=2.3533
Epoch 2, Batch 950/1875: Loss=2.4011
Epoch 2, Batch 1000/1875: Loss=1.9943
Epoch 2, Batch 1050/1875: Loss=2.1925
Epoch 2, Batch 1100/1875: Loss=2.3585
Epoch 2, Batch 1150/1875: Loss=2.2458
Epoch 2, Batch 1200/1875: Loss=2.3561
Epoch 2, Batch 1250/1875: Loss=2.2919
Epoch 2, Batch 1300/1875: Loss=2.2786
Epoch 2, Batch 1350/1875: Loss=2.1988
Epoch 2, Batch 1400/1875: Loss=2.3189
Epoch 2, Batch 1450/1875: Loss=2.2302
Epoch 2, Batch 1500/1875: Loss=2.2128
Epoch 2, Batch 1550/1875: Loss=2.1668
Epoch 2, Batch 1600/1875: Loss=2.1308
Epoch 2, Batch 1650/1875: Loss=2.1743
Epoch 2, Batch 1700/1875: Loss=2.2075
Epoch 2, Batch 1750/1875: Loss=2.1882
Epoch 2, Batch 1800/1875: Loss=2.0236
Epoch 2, Batch 1850/1875: Loss=2.0234
Epoch 2 | Train Loss: 2.1343 | Test Accuracy: 14.42%
Epoch 3, Batch 0/1875: Loss=2.3868
Epoch 3, Batch 50/1875: Loss=2.1845
Epoch 3, Batch 100/1875: Loss=2.2788
Epoch 3, Batch 150/1875: Loss=2.1293
Epoch 3, Batch 200/1875: Loss=2.1922
Epoch 3, Batch 250/1875: Loss=2.2698
Epoch 3, Batch 300/1875: Loss=2.0693
Epoch 3, Batch 350/1875: Loss=2.1970
Epoch 3, Batch 400/1875: Loss=2.1801
Epoch 3, Batch 450/1875: Loss=2.2103
Epoch 3, Batch 500/1875: Loss=2.1391
Epoch 3, Batch 550/1875: Loss=2.2635
Epoch 3, Batch 600/1875: Loss=2.3370
Epoch 3, Batch 650/1875: Loss=2.2847
Epoch 3, Batch 700/1875: Loss=2.0392
Epoch 3, Batch 750/1875: Loss=2.1939
Epoch 3, Batch 800/1875: Loss=2.1901
Epoch 3, Batch 850/1875: Loss=2.1177
Epoch 3, Batch 900/1875: Loss=2.1181
Epoch 3, Batch 950/1875: Loss=2.1110
Epoch 3, Batch 1000/1875: Loss=2.1523
Epoch 3, Batch 1050/1875: Loss=2.1997
Epoch 3, Batch 1100/1875: Loss=2.1078
Epoch 3, Batch 1150/1875: Loss=2.1236
Epoch 3, Batch 1200/1875: Loss=1.9533
Epoch 3, Batch 1250/1875: Loss=2.3303
Epoch 3, Batch 1300/1875: Loss=2.3102
Epoch 3, Batch 1350/1875: Loss=2.1243
Epoch 3, Batch 1400/1875: Loss=2.3653
Epoch 3, Batch 1450/1875: Loss=2.2621
Epoch 3, Batch 1500/1875: Loss=2.2638
Epoch 3, Batch 1550/1875: Loss=2.2141
Epoch 3, Batch 1600/1875: Loss=2.2747
Epoch 3, Batch 1650/1875: Loss=2.3301
Epoch 3, Batch 1700/1875: Loss=2.1685
Epoch 3, Batch 1750/1875: Loss=2.4622
Epoch 3, Batch 1800/1875: Loss=2.0718
Epoch 3, Batch 1850/1875: Loss=2.3740
Epoch 3 | Train Loss: 2.2183 | Test Accuracy: 18.57%
Epoch 4, Batch 0/1875: Loss=2.1874
Epoch 4, Batch 50/1875: Loss=2.2839
Epoch 4, Batch 100/1875: Loss=2.0056
Epoch 4, Batch 150/1875: Loss=2.2638
Epoch 4, Batch 200/1875: Loss=2.1093
Epoch 4, Batch 250/1875: Loss=2.2481
Epoch 4, Batch 300/1875: Loss=2.0895
Epoch 4, Batch 350/1875: Loss=2.1949
Epoch 4, Batch 400/1875: Loss=2.2179
Epoch 4, Batch 450/1875: Loss=2.3262
Epoch 4, Batch 500/1875: Loss=2.0164
Epoch 4, Batch 550/1875: Loss=2.1088
Epoch 4, Batch 600/1875: Loss=2.2264
Epoch 4, Batch 650/1875: Loss=2.5273
Epoch 4, Batch 700/1875: Loss=2.5379
Epoch 4, Batch 750/1875: Loss=2.0106
Epoch 4, Batch 800/1875: Loss=2.2045
Epoch 4, Batch 850/1875: Loss=2.0533
Epoch 4, Batch 900/1875: Loss=2.3589
Epoch 4, Batch 950/1875: Loss=2.3043
Epoch 4, Batch 1000/1875: Loss=2.0324
Epoch 4, Batch 1050/1875: Loss=2.0946
Epoch 4, Batch 1100/1875: Loss=2.2420
Epoch 4, Batch 1150/1875: Loss=2.3515
Epoch 4, Batch 1200/1875: Loss=2.1877
Epoch 4, Batch 1250/1875: Loss=2.1065
Epoch 4, Batch 1300/1875: Loss=2.1923
Epoch 4, Batch 1350/1875: Loss=2.3003
Epoch 4, Batch 1400/1875: Loss=2.2572
Epoch 4, Batch 1450/1875: Loss=2.2853
Epoch 4, Batch 1500/1875: Loss=2.1231
Epoch 4, Batch 1550/1875: Loss=2.2433
Epoch 4, Batch 1600/1875: Loss=2.6155
Epoch 4, Batch 1650/1875: Loss=2.2898
Epoch 4, Batch 1700/1875: Loss=2.2800
Epoch 4, Batch 1750/1875: Loss=2.3207
Epoch 4, Batch 1800/1875: Loss=2.3054
Epoch 4, Batch 1850/1875: Loss=2.3704
Epoch 4 | Train Loss: 2.1978 | Test Accuracy: 16.33%
Epoch 5, Batch 0/1875: Loss=2.2808
Epoch 5, Batch 50/1875: Loss=2.3517
Epoch 5, Batch 100/1875: Loss=2.2754
Epoch 5, Batch 150/1875: Loss=2.3494
Epoch 5, Batch 200/1875: Loss=2.2900
Epoch 5, Batch 250/1875: Loss=2.2691
Epoch 5, Batch 300/1875: Loss=2.2437
Epoch 5, Batch 350/1875: Loss=2.3234
Epoch 5, Batch 400/1875: Loss=2.2635
Epoch 5, Batch 450/1875: Loss=2.2126
Epoch 5, Batch 500/1875: Loss=2.2612
Epoch 5, Batch 550/1875: Loss=2.2553
Epoch 5, Batch 600/1875: Loss=2.2686
Epoch 5, Batch 650/1875: Loss=2.3637
Epoch 5, Batch 700/1875: Loss=2.3113
Epoch 5, Batch 750/1875: Loss=2.3130
Epoch 5, Batch 800/1875: Loss=2.3556
Epoch 5, Batch 850/1875: Loss=2.3142
Epoch 5, Batch 900/1875: Loss=2.2885
Epoch 5, Batch 950/1875: Loss=2.2836
Epoch 5, Batch 1000/1875: Loss=2.2025
Epoch 5, Batch 1050/1875: Loss=2.2153
Epoch 5, Batch 1100/1875: Loss=2.3976
Epoch 5, Batch 1150/1875: Loss=2.2288
Epoch 5, Batch 1200/1875: Loss=2.2750
Epoch 5, Batch 1250/1875: Loss=2.2728
Epoch 5, Batch 1300/1875: Loss=2.2345
Epoch 5, Batch 1350/1875: Loss=2.2914
Epoch 5, Batch 1400/1875: Loss=2.2143
Epoch 5, Batch 1450/1875: Loss=2.0929
Epoch 5, Batch 1500/1875: Loss=2.2363
Epoch 5, Batch 1550/1875: Loss=2.1521
Epoch 5, Batch 1600/1875: Loss=2.2191
Epoch 5, Batch 1650/1875: Loss=2.1167
Epoch 5, Batch 1700/1875: Loss=2.1586
Epoch 5, Batch 1750/1875: Loss=2.1681
Epoch 5, Batch 1800/1875: Loss=2.1371
Epoch 5, Batch 1850/1875: Loss=2.1348
Epoch 5 | Train Loss: 2.2544 | Test Accuracy: 18.78%
Epoch 6, Batch 0/1875: Loss=2.2200
Epoch 6, Batch 50/1875: Loss=2.1509
Epoch 6, Batch 100/1875: Loss=2.1782
Epoch 6, Batch 150/1875: Loss=2.0890
Epoch 6, Batch 200/1875: Loss=2.0813
Epoch 6, Batch 250/1875: Loss=2.3441
Epoch 6, Batch 300/1875: Loss=2.1289
Epoch 6, Batch 350/1875: Loss=2.2578
Epoch 6, Batch 400/1875: Loss=2.2687
Epoch 6, Batch 450/1875: Loss=2.1867
Epoch 6, Batch 500/1875: Loss=2.2022
Epoch 6, Batch 550/1875: Loss=2.1964
Epoch 6, Batch 600/1875: Loss=2.0758
Epoch 6, Batch 650/1875: Loss=2.1505
Epoch 6, Batch 700/1875: Loss=2.0570
Epoch 6, Batch 750/1875: Loss=2.2081
Epoch 6, Batch 800/1875: Loss=2.0594
Epoch 6, Batch 850/1875: Loss=2.1666
Epoch 6, Batch 900/1875: Loss=2.4321
Epoch 6, Batch 950/1875: Loss=2.1459
Epoch 6, Batch 1000/1875: Loss=2.6588
Epoch 6, Batch 1050/1875: Loss=2.1962
Epoch 6, Batch 1100/1875: Loss=1.9911
Epoch 6, Batch 1150/1875: Loss=2.1341
Epoch 6, Batch 1200/1875: Loss=2.1927
Epoch 6, Batch 1250/1875: Loss=2.1956
Epoch 6, Batch 1300/1875: Loss=2.2205
Epoch 6, Batch 1350/1875: Loss=1.9765
Epoch 6, Batch 1400/1875: Loss=2.0849
Epoch 6, Batch 1450/1875: Loss=2.0248
Epoch 6, Batch 1500/1875: Loss=1.9870
Epoch 6, Batch 1550/1875: Loss=2.2303
Epoch 6, Batch 1600/1875: Loss=2.3458
Epoch 6, Batch 1650/1875: Loss=1.9634
Epoch 6, Batch 1700/1875: Loss=2.0946
Epoch 6, Batch 1750/1875: Loss=2.2931
Epoch 6, Batch 1800/1875: Loss=2.1331
Epoch 6, Batch 1850/1875: Loss=2.0669
Epoch 6 | Train Loss: 2.1387 | Test Accuracy: 17.53%
Epoch 7, Batch 0/1875: Loss=2.1560
Epoch 7, Batch 50/1875: Loss=1.9724
Epoch 7, Batch 100/1875: Loss=1.9501
Epoch 7, Batch 150/1875: Loss=2.0331
Epoch 7, Batch 200/1875: Loss=2.1316
Epoch 7, Batch 250/1875: Loss=1.8577
Epoch 7, Batch 300/1875: Loss=1.8681
Epoch 7, Batch 350/1875: Loss=2.0368
Epoch 7, Batch 400/1875: Loss=2.0627
Epoch 7, Batch 450/1875: Loss=1.7922
Epoch 7, Batch 500/1875: Loss=1.9835
Epoch 7, Batch 550/1875: Loss=1.8773
Epoch 7, Batch 600/1875: Loss=2.1091
Epoch 7, Batch 650/1875: Loss=1.9271
Epoch 7, Batch 700/1875: Loss=2.0458
Epoch 7, Batch 750/1875: Loss=2.0158
Epoch 7, Batch 800/1875: Loss=2.2234
Epoch 7, Batch 850/1875: Loss=2.0430
Epoch 7, Batch 900/1875: Loss=1.6985
Epoch 7, Batch 950/1875: Loss=1.9540
Epoch 7, Batch 1000/1875: Loss=2.4676
Epoch 7, Batch 1050/1875: Loss=2.1312
Epoch 7, Batch 1100/1875: Loss=2.0522
Epoch 7, Batch 1150/1875: Loss=2.2676
Epoch 7, Batch 1200/1875: Loss=2.0305
Epoch 7, Batch 1250/1875: Loss=2.1485
Epoch 7, Batch 1300/1875: Loss=2.0265
Epoch 7, Batch 1350/1875: Loss=2.0028
Epoch 7, Batch 1400/1875: Loss=2.0581
Epoch 7, Batch 1450/1875: Loss=2.2757
Epoch 7, Batch 1500/1875: Loss=2.3312
Epoch 7, Batch 1550/1875: Loss=2.0842
Epoch 7, Batch 1600/1875: Loss=1.9377
Epoch 7, Batch 1650/1875: Loss=1.8131
Epoch 7, Batch 1700/1875: Loss=2.0103
Epoch 7, Batch 1750/1875: Loss=1.8853
Epoch 7, Batch 1800/1875: Loss=2.0148
Epoch 7, Batch 1850/1875: Loss=1.8583
Epoch 7 | Train Loss: 2.0660 | Test Accuracy: 23.43%
Epoch 8, Batch 0/1875: Loss=1.9572
Epoch 8, Batch 50/1875: Loss=1.9628
Epoch 8, Batch 100/1875: Loss=2.2047
Epoch 8, Batch 150/1875: Loss=2.0330
Epoch 8, Batch 200/1875: Loss=2.0642
Epoch 8, Batch 250/1875: Loss=1.8584
Epoch 8, Batch 300/1875: Loss=2.2664
Epoch 8, Batch 350/1875: Loss=2.0620
Epoch 8, Batch 400/1875: Loss=1.9778
Epoch 8, Batch 450/1875: Loss=2.0260
Epoch 8, Batch 500/1875: Loss=2.4388
Epoch 8, Batch 550/1875: Loss=2.1570
Epoch 8, Batch 600/1875: Loss=2.2455
Epoch 8, Batch 650/1875: Loss=2.2950
Epoch 8, Batch 700/1875: Loss=2.0936
Epoch 8, Batch 750/1875: Loss=2.0358
Epoch 8, Batch 800/1875: Loss=2.4021
Epoch 8, Batch 850/1875: Loss=2.6791
Epoch 8, Batch 900/1875: Loss=2.1825
Epoch 8, Batch 950/1875: Loss=2.1813
Epoch 8, Batch 1000/1875: Loss=2.0173
Epoch 8, Batch 1050/1875: Loss=1.9198
Epoch 8, Batch 1100/1875: Loss=2.1201
Epoch 8, Batch 1150/1875: Loss=2.1840
Epoch 8, Batch 1200/1875: Loss=1.9534
Epoch 8, Batch 1250/1875: Loss=1.9479
Epoch 8, Batch 1300/1875: Loss=2.0081
Epoch 8, Batch 1350/1875: Loss=1.8832
Epoch 8, Batch 1400/1875: Loss=2.0170
Epoch 8, Batch 1450/1875: Loss=2.1456
Epoch 8, Batch 1500/1875: Loss=2.0857
Epoch 8, Batch 1550/1875: Loss=1.9070
Epoch 8, Batch 1600/1875: Loss=2.0962
Epoch 8, Batch 1650/1875: Loss=2.0701
Epoch 8, Batch 1700/1875: Loss=2.2719
Epoch 8, Batch 1750/1875: Loss=2.0213
Epoch 8, Batch 1800/1875: Loss=2.1097
Epoch 8, Batch 1850/1875: Loss=2.0025
Epoch 8 | Train Loss: 2.0648 | Test Accuracy: 20.96%
Epoch 9, Batch 0/1875: Loss=1.9153
Epoch 9, Batch 50/1875: Loss=1.8789
Epoch 9, Batch 100/1875: Loss=2.0355
Epoch 9, Batch 150/1875: Loss=2.0498
Epoch 9, Batch 200/1875: Loss=1.9486
Epoch 9, Batch 250/1875: Loss=1.8766
Epoch 9, Batch 300/1875: Loss=2.0838
Epoch 9, Batch 350/1875: Loss=2.1549
Epoch 9, Batch 400/1875: Loss=1.8301
Epoch 9, Batch 450/1875: Loss=2.1387
Epoch 9, Batch 500/1875: Loss=2.0565
Epoch 9, Batch 550/1875: Loss=2.1162
Epoch 9, Batch 600/1875: Loss=2.1564
Epoch 9, Batch 650/1875: Loss=1.9714
Epoch 9, Batch 700/1875: Loss=1.8993
Epoch 9, Batch 750/1875: Loss=1.8492
Epoch 9, Batch 800/1875: Loss=1.9607
Epoch 9, Batch 850/1875: Loss=1.9741
Epoch 9, Batch 900/1875: Loss=2.2358
Epoch 9, Batch 950/1875: Loss=1.6105
Epoch 9, Batch 1000/1875: Loss=2.1277
Epoch 9, Batch 1050/1875: Loss=1.8017
Epoch 9, Batch 1100/1875: Loss=1.9479
Epoch 9, Batch 1150/1875: Loss=2.2226
Epoch 9, Batch 1200/1875: Loss=1.8644
Epoch 9, Batch 1250/1875: Loss=1.8658
Epoch 9, Batch 1300/1875: Loss=1.9184
Epoch 9, Batch 1350/1875: Loss=2.0285
Epoch 9, Batch 1400/1875: Loss=1.9336
Epoch 9, Batch 1450/1875: Loss=2.0508
Epoch 9, Batch 1500/1875: Loss=2.0311
Epoch 9, Batch 1550/1875: Loss=1.9943
Epoch 9, Batch 1600/1875: Loss=2.1860
Epoch 9, Batch 1650/1875: Loss=2.0772
Epoch 9, Batch 1700/1875: Loss=1.7825
Epoch 9, Batch 1750/1875: Loss=2.0796
Epoch 9, Batch 1800/1875: Loss=1.9317
Epoch 9, Batch 1850/1875: Loss=1.8641
Epoch 9 | Train Loss: 2.0040 | Test Accuracy: 26.47%
Final Test Accuracy: 26.47%

--- QI ViT-B/16 between every layer Fisher ---
Epoch 0, Batch 0/1875: Loss=2.4452
Epoch 0, Batch 50/1875: Loss=2.3365
Epoch 0, Batch 100/1875: Loss=2.4041
Epoch 0, Batch 150/1875: Loss=2.2990
Epoch 0, Batch 200/1875: Loss=2.2610
Epoch 0, Batch 250/1875: Loss=2.3066
Epoch 0, Batch 300/1875: Loss=2.1571
Epoch 0, Batch 350/1875: Loss=2.0996
Epoch 0, Batch 400/1875: Loss=2.5147
Epoch 0, Batch 450/1875: Loss=2.3608
Epoch 0, Batch 500/1875: Loss=2.1712
Epoch 0, Batch 550/1875: Loss=2.0031
Epoch 0, Batch 600/1875: Loss=2.1279
Epoch 0, Batch 650/1875: Loss=2.2198
Epoch 0, Batch 700/1875: Loss=2.0714
Epoch 0, Batch 750/1875: Loss=2.2197
Epoch 0, Batch 800/1875: Loss=2.1884
Epoch 0, Batch 850/1875: Loss=2.4462
Epoch 0, Batch 900/1875: Loss=2.4059
Epoch 0, Batch 950/1875: Loss=2.2402
Epoch 0, Batch 1000/1875: Loss=2.3280
Epoch 0, Batch 1050/1875: Loss=2.3243
Epoch 0, Batch 1100/1875: Loss=2.3469
Epoch 0, Batch 1150/1875: Loss=2.3587
Epoch 0, Batch 1200/1875: Loss=2.4197
Epoch 0, Batch 1250/1875: Loss=2.3316
Epoch 0, Batch 1300/1875: Loss=2.3994
Epoch 0, Batch 1350/1875: Loss=2.4049
Epoch 0, Batch 1400/1875: Loss=2.3807
Epoch 0, Batch 1450/1875: Loss=2.3927
Epoch 0, Batch 1500/1875: Loss=2.3828
Epoch 0, Batch 1550/1875: Loss=2.3039
Epoch 0, Batch 1600/1875: Loss=2.3178
Epoch 0, Batch 1650/1875: Loss=2.3225
Epoch 0, Batch 1700/1875: Loss=2.3203
Epoch 0, Batch 1750/1875: Loss=2.2759
Epoch 0, Batch 1800/1875: Loss=2.3108
Epoch 0, Batch 1850/1875: Loss=2.3013
Epoch 0 | Train Loss: 2.2826 | Test Accuracy: 16.47%
Epoch 1, Batch 0/1875: Loss=2.2579
Epoch 1, Batch 50/1875: Loss=2.2438
Epoch 1, Batch 100/1875: Loss=2.1987
Epoch 1, Batch 150/1875: Loss=2.2466
Epoch 1, Batch 200/1875: Loss=2.3737
Epoch 1, Batch 250/1875: Loss=2.2799
Epoch 1, Batch 300/1875: Loss=2.2740
Epoch 1, Batch 350/1875: Loss=2.2486
Epoch 1, Batch 400/1875: Loss=2.3950
Epoch 1, Batch 450/1875: Loss=2.3358
Epoch 1, Batch 500/1875: Loss=2.3294
Epoch 1, Batch 550/1875: Loss=2.3894
Epoch 1, Batch 600/1875: Loss=2.2744
Epoch 1, Batch 650/1875: Loss=2.3179
Epoch 1, Batch 700/1875: Loss=2.3273
Epoch 1, Batch 750/1875: Loss=2.3357
Epoch 1, Batch 800/1875: Loss=2.3197
Epoch 1, Batch 850/1875: Loss=2.2964
Epoch 1, Batch 900/1875: Loss=2.3114
Epoch 1, Batch 950/1875: Loss=2.2685
Epoch 1, Batch 1000/1875: Loss=2.2926
Epoch 1, Batch 1050/1875: Loss=2.3399
Epoch 1, Batch 1100/1875: Loss=2.2983
Epoch 1, Batch 1150/1875: Loss=2.3164
Epoch 1, Batch 1200/1875: Loss=2.3072
Epoch 1, Batch 1250/1875: Loss=2.2802
Epoch 1, Batch 1300/1875: Loss=2.2912
Epoch 1, Batch 1350/1875: Loss=2.2892
Epoch 1, Batch 1400/1875: Loss=2.2541
Epoch 1, Batch 1450/1875: Loss=2.2187
Epoch 1, Batch 1500/1875: Loss=2.5289
Epoch 1, Batch 1550/1875: Loss=2.3029
Epoch 1, Batch 1600/1875: Loss=2.3127
Epoch 1, Batch 1650/1875: Loss=2.2858
Epoch 1, Batch 1700/1875: Loss=2.2932
Epoch 1, Batch 1750/1875: Loss=2.3300
Epoch 1, Batch 1800/1875: Loss=2.2785
Epoch 1, Batch 1850/1875: Loss=2.3102
Epoch 1 | Train Loss: 2.3148 | Test Accuracy: 11.34%
Epoch 2, Batch 0/1875: Loss=2.2868
Epoch 2, Batch 50/1875: Loss=2.3134
Epoch 2, Batch 100/1875: Loss=2.2716
Epoch 2, Batch 150/1875: Loss=2.2520
Epoch 2, Batch 200/1875: Loss=2.2252
Epoch 2, Batch 250/1875: Loss=2.2279
Epoch 2, Batch 300/1875: Loss=2.2898
Epoch 2, Batch 350/1875: Loss=2.2568
Epoch 2, Batch 400/1875: Loss=2.2644
Epoch 2, Batch 450/1875: Loss=2.2670
Epoch 2, Batch 500/1875: Loss=2.2679
Epoch 2, Batch 550/1875: Loss=2.1839
Epoch 2, Batch 600/1875: Loss=2.1904
Epoch 2, Batch 650/1875: Loss=2.2096
Epoch 2, Batch 700/1875: Loss=2.3341
Epoch 2, Batch 750/1875: Loss=2.0848
Epoch 2, Batch 800/1875: Loss=2.1776
Epoch 2, Batch 850/1875: Loss=2.3017
Epoch 2, Batch 900/1875: Loss=2.1533
Epoch 2, Batch 950/1875: Loss=2.1397
Epoch 2, Batch 1000/1875: Loss=2.1178
Epoch 2, Batch 1050/1875: Loss=2.2366
Epoch 2, Batch 1100/1875: Loss=2.0479
Epoch 2, Batch 1150/1875: Loss=2.4192
Epoch 2, Batch 1200/1875: Loss=2.9430
Epoch 2, Batch 1250/1875: Loss=2.7195
Epoch 2, Batch 1300/1875: Loss=2.5200
Epoch 2, Batch 1350/1875: Loss=2.3518
Epoch 2, Batch 1400/1875: Loss=2.3603
Epoch 2, Batch 1450/1875: Loss=2.5125
Epoch 2, Batch 1500/1875: Loss=2.3753
Epoch 2, Batch 1550/1875: Loss=2.3339
Epoch 2, Batch 1600/1875: Loss=2.4391
Epoch 2, Batch 1650/1875: Loss=2.3967
Epoch 2, Batch 1700/1875: Loss=2.2670
Epoch 2, Batch 1750/1875: Loss=2.3023
Epoch 2, Batch 1800/1875: Loss=2.4085
Epoch 2, Batch 1850/1875: Loss=2.3855
Epoch 2 | Train Loss: 2.3773 | Test Accuracy: 10.38%
Epoch 3, Batch 0/1875: Loss=2.3666
Epoch 3, Batch 50/1875: Loss=2.3499
Epoch 3, Batch 100/1875: Loss=2.2891
Epoch 3, Batch 150/1875: Loss=2.3302
Epoch 3, Batch 200/1875: Loss=2.2620
Epoch 3, Batch 250/1875: Loss=3.9999
Epoch 3, Batch 300/1875: Loss=2.3767
Epoch 3, Batch 350/1875: Loss=2.3461
Epoch 3, Batch 400/1875: Loss=2.3752
Epoch 3, Batch 450/1875: Loss=2.2842
Epoch 3, Batch 500/1875: Loss=2.3672
Epoch 3, Batch 550/1875: Loss=2.2938
Epoch 3, Batch 600/1875: Loss=2.3899
Epoch 3, Batch 650/1875: Loss=2.2832
Epoch 3, Batch 700/1875: Loss=2.2473
Epoch 3, Batch 750/1875: Loss=2.3188
Epoch 3, Batch 800/1875: Loss=2.4128
Epoch 3, Batch 850/1875: Loss=2.3357
Epoch 3, Batch 900/1875: Loss=2.3946
Epoch 3, Batch 950/1875: Loss=2.3248
Epoch 3, Batch 1000/1875: Loss=2.3257
Epoch 3, Batch 1050/1875: Loss=2.3791
Epoch 3, Batch 1100/1875: Loss=2.3930
Epoch 3, Batch 1150/1875: Loss=2.4064
Epoch 3, Batch 1200/1875: Loss=2.2901
Epoch 3, Batch 1250/1875: Loss=2.3079
Epoch 3, Batch 1300/1875: Loss=2.2567
Epoch 3, Batch 1350/1875: Loss=2.3481
Epoch 3, Batch 1400/1875: Loss=2.2976
Epoch 3, Batch 1450/1875: Loss=2.2711
Epoch 3, Batch 1500/1875: Loss=2.2892
Epoch 3, Batch 1550/1875: Loss=2.3769
Epoch 3, Batch 1600/1875: Loss=2.2822
Epoch 3, Batch 1650/1875: Loss=2.2678
Epoch 3, Batch 1700/1875: Loss=2.2528
Epoch 3, Batch 1750/1875: Loss=2.2700
Epoch 3, Batch 1800/1875: Loss=2.2825
Epoch 3, Batch 1850/1875: Loss=2.2487
Epoch 3 | Train Loss: 2.3973 | Test Accuracy: 13.87%
Epoch 4, Batch 0/1875: Loss=2.2066
Epoch 4, Batch 50/1875: Loss=2.3267
Epoch 4, Batch 100/1875: Loss=2.2606
Epoch 4, Batch 150/1875: Loss=2.2792
Epoch 4, Batch 200/1875: Loss=2.3191
Epoch 4, Batch 250/1875: Loss=2.2914
Epoch 4, Batch 300/1875: Loss=2.2515
Epoch 4, Batch 350/1875: Loss=2.2760
Epoch 4, Batch 400/1875: Loss=2.3923
Epoch 4, Batch 450/1875: Loss=2.3442
Epoch 4, Batch 500/1875: Loss=2.2718
Epoch 4, Batch 550/1875: Loss=2.2299
Epoch 4, Batch 600/1875: Loss=2.2598
Epoch 4, Batch 650/1875: Loss=2.3258
Epoch 4, Batch 700/1875: Loss=2.2870
Epoch 4, Batch 750/1875: Loss=2.2521
Epoch 4, Batch 800/1875: Loss=2.2974
Epoch 4, Batch 850/1875: Loss=2.2860
Epoch 4, Batch 900/1875: Loss=2.2989
Epoch 4, Batch 950/1875: Loss=2.2973
Epoch 4, Batch 1000/1875: Loss=2.1887
Epoch 4, Batch 1050/1875: Loss=2.2689
Epoch 4, Batch 1100/1875: Loss=2.2450
Epoch 4, Batch 1150/1875: Loss=2.2262
Epoch 4, Batch 1200/1875: Loss=2.3329
Epoch 4, Batch 1250/1875: Loss=2.0747
Epoch 4, Batch 1300/1875: Loss=2.2225
Epoch 4, Batch 1350/1875: Loss=2.2640
Epoch 4, Batch 1400/1875: Loss=2.2255
Epoch 4, Batch 1450/1875: Loss=2.3732
Epoch 4, Batch 1500/1875: Loss=2.1486
Epoch 4, Batch 1550/1875: Loss=2.1983
Epoch 4, Batch 1600/1875: Loss=2.0538
Epoch 4, Batch 1650/1875: Loss=2.1173
Epoch 4, Batch 1700/1875: Loss=2.2482
Epoch 4, Batch 1750/1875: Loss=2.1309
Epoch 4, Batch 1800/1875: Loss=2.1636
Epoch 4, Batch 1850/1875: Loss=2.1122
Epoch 4 | Train Loss: 2.3440 | Test Accuracy: 17.72%
Epoch 5, Batch 0/1875: Loss=2.1757
Epoch 5, Batch 50/1875: Loss=2.2300
Epoch 5, Batch 100/1875: Loss=2.2334
Epoch 5, Batch 150/1875: Loss=2.2494
Epoch 5, Batch 200/1875: Loss=2.1961
Epoch 5, Batch 250/1875: Loss=2.0444
Epoch 5, Batch 300/1875: Loss=2.2802
Epoch 5, Batch 350/1875: Loss=2.1451
Epoch 5, Batch 400/1875: Loss=2.1981
Epoch 5, Batch 450/1875: Loss=2.1910
Epoch 5, Batch 500/1875: Loss=2.2163
Epoch 5, Batch 550/1875: Loss=2.1273
Epoch 5, Batch 600/1875: Loss=2.2004
Epoch 5, Batch 650/1875: Loss=2.0699
Epoch 5, Batch 700/1875: Loss=2.1412
Epoch 5, Batch 750/1875: Loss=2.2776
Epoch 5, Batch 800/1875: Loss=2.2614
Epoch 5, Batch 850/1875: Loss=2.1229
Epoch 5, Batch 900/1875: Loss=1.9742
Epoch 5, Batch 950/1875: Loss=2.2528
Epoch 5, Batch 1000/1875: Loss=1.9004
Epoch 5, Batch 1050/1875: Loss=2.1512
Epoch 5, Batch 1100/1875: Loss=2.2948
Epoch 5, Batch 1150/1875: Loss=2.0013
Epoch 5, Batch 1200/1875: Loss=2.2293
Epoch 5, Batch 1250/1875: Loss=2.2268
Epoch 5, Batch 1300/1875: Loss=2.0607
Epoch 5, Batch 1350/1875: Loss=2.3539
Epoch 5, Batch 1400/1875: Loss=2.2121
Epoch 5, Batch 1450/1875: Loss=2.1227
Epoch 5, Batch 1500/1875: Loss=2.0992
Epoch 5, Batch 1550/1875: Loss=2.1475
Epoch 5, Batch 1600/1875: Loss=2.1418
Epoch 5, Batch 1650/1875: Loss=2.2956
Epoch 5, Batch 1700/1875: Loss=2.0426
Epoch 5, Batch 1750/1875: Loss=2.0894
Epoch 5, Batch 1800/1875: Loss=2.2083
Epoch 5, Batch 1850/1875: Loss=2.1241
Epoch 5 | Train Loss: 2.2500 | Test Accuracy: 20.51%
Epoch 6, Batch 0/1875: Loss=1.9607
Epoch 6, Batch 50/1875: Loss=1.9748
Epoch 6, Batch 100/1875: Loss=2.1730
Epoch 6, Batch 150/1875: Loss=2.0455
Epoch 6, Batch 200/1875: Loss=1.9283
Epoch 6, Batch 250/1875: Loss=2.0735
Epoch 6, Batch 300/1875: Loss=2.0787
Epoch 6, Batch 350/1875: Loss=2.1397
Epoch 6, Batch 400/1875: Loss=2.1409
Epoch 6, Batch 450/1875: Loss=1.9756
Epoch 6, Batch 500/1875: Loss=1.9948
Epoch 6, Batch 550/1875: Loss=1.9568
Epoch 6, Batch 600/1875: Loss=2.0166
Epoch 6, Batch 650/1875: Loss=1.9706
Epoch 6, Batch 700/1875: Loss=2.1630
Epoch 6, Batch 750/1875: Loss=2.1445
Epoch 6, Batch 800/1875: Loss=2.0204
Epoch 6, Batch 850/1875: Loss=2.2428
Epoch 6, Batch 900/1875: Loss=2.0479
Epoch 6, Batch 950/1875: Loss=2.1720
Epoch 6, Batch 1000/1875: Loss=2.1955
Epoch 6, Batch 1050/1875: Loss=2.2894
Epoch 6, Batch 1100/1875: Loss=2.1579
Epoch 6, Batch 1150/1875: Loss=2.1816
Epoch 6, Batch 1200/1875: Loss=2.1154
Epoch 6, Batch 1250/1875: Loss=2.0890
Epoch 6, Batch 1300/1875: Loss=2.1057
Epoch 6, Batch 1350/1875: Loss=2.0991
Epoch 6, Batch 1400/1875: Loss=2.1517
Epoch 6, Batch 1450/1875: Loss=3.6244
Epoch 6, Batch 1500/1875: Loss=2.4971
Epoch 6, Batch 1550/1875: Loss=2.3938
Epoch 6, Batch 1600/1875: Loss=2.0838
Epoch 6, Batch 1650/1875: Loss=2.1051
Epoch 6, Batch 1700/1875: Loss=2.1387
Epoch 6, Batch 1750/1875: Loss=2.1858
Epoch 6, Batch 1800/1875: Loss=2.2998
Epoch 6, Batch 1850/1875: Loss=2.3711
Epoch 6 | Train Loss: 2.1541 | Test Accuracy: 18.66%
Epoch 7, Batch 0/1875: Loss=2.0496
Epoch 7, Batch 50/1875: Loss=2.1844
Epoch 7, Batch 100/1875: Loss=2.1398
Epoch 7, Batch 150/1875: Loss=2.1756
Epoch 7, Batch 200/1875: Loss=2.2110
Epoch 7, Batch 250/1875: Loss=2.1364
Epoch 7, Batch 300/1875: Loss=2.1123
Epoch 7, Batch 350/1875: Loss=2.0485
Epoch 7, Batch 400/1875: Loss=2.0901
Epoch 7, Batch 450/1875: Loss=2.0362
Epoch 7, Batch 500/1875: Loss=2.4806
Epoch 7, Batch 550/1875: Loss=2.2348
Epoch 7, Batch 600/1875: Loss=2.4472
Epoch 7, Batch 650/1875: Loss=2.1719
Epoch 7, Batch 700/1875: Loss=2.3700
Epoch 7, Batch 750/1875: Loss=2.1572
Epoch 7, Batch 800/1875: Loss=2.2443
Epoch 7, Batch 850/1875: Loss=2.0522
Epoch 7, Batch 900/1875: Loss=2.1288
Epoch 7, Batch 950/1875: Loss=2.3614
Epoch 7, Batch 1000/1875: Loss=2.1234
Epoch 7, Batch 1050/1875: Loss=2.1314
Epoch 7, Batch 1100/1875: Loss=2.1009
Epoch 7, Batch 1150/1875: Loss=1.9348
Epoch 7, Batch 1200/1875: Loss=2.1686
Epoch 7, Batch 1250/1875: Loss=2.1168
Epoch 7, Batch 1300/1875: Loss=2.1492
Epoch 7, Batch 1350/1875: Loss=2.0760
Epoch 7, Batch 1400/1875: Loss=2.1570
Epoch 7, Batch 1450/1875: Loss=2.1226
Epoch 7, Batch 1500/1875: Loss=3.0823
Epoch 7, Batch 1550/1875: Loss=2.3408
Epoch 7, Batch 1600/1875: Loss=2.2013
Epoch 7, Batch 1650/1875: Loss=2.2787
Epoch 7, Batch 1700/1875: Loss=2.2239
Epoch 7, Batch 1750/1875: Loss=2.1323
Epoch 7, Batch 1800/1875: Loss=2.1723
Epoch 7, Batch 1850/1875: Loss=2.0564
Epoch 7 | Train Loss: 2.2136 | Test Accuracy: 19.86%
Epoch 8, Batch 0/1875: Loss=2.2613
Epoch 8, Batch 50/1875: Loss=2.2077
Epoch 8, Batch 100/1875: Loss=2.0830
Epoch 8, Batch 150/1875: Loss=2.1013
Epoch 8, Batch 200/1875: Loss=2.1784
Epoch 8, Batch 250/1875: Loss=2.1256
Epoch 8, Batch 300/1875: Loss=2.1053
Epoch 8, Batch 350/1875: Loss=2.1187
Epoch 8, Batch 400/1875: Loss=2.0856
Epoch 8, Batch 450/1875: Loss=2.1930
Epoch 8, Batch 500/1875: Loss=2.3539
Epoch 8, Batch 550/1875: Loss=1.9992
Epoch 8, Batch 600/1875: Loss=2.1072
Epoch 8, Batch 650/1875: Loss=2.0551
Epoch 8, Batch 700/1875: Loss=2.0867
Epoch 8, Batch 750/1875: Loss=2.0993
Epoch 8, Batch 800/1875: Loss=2.0400
Epoch 8, Batch 850/1875: Loss=2.0559
Epoch 8, Batch 900/1875: Loss=2.1055
Epoch 8, Batch 950/1875: Loss=2.1764
Epoch 8, Batch 1000/1875: Loss=2.0835
Epoch 8, Batch 1050/1875: Loss=2.1803
Epoch 8, Batch 1100/1875: Loss=2.0217
Epoch 8, Batch 1150/1875: Loss=2.2218
Epoch 8, Batch 1200/1875: Loss=1.8951
Epoch 8, Batch 1250/1875: Loss=2.1850
Epoch 8, Batch 1300/1875: Loss=2.1232
Epoch 8, Batch 1350/1875: Loss=2.1183
Epoch 8, Batch 1400/1875: Loss=2.1618
Epoch 8, Batch 1450/1875: Loss=2.1926
Epoch 8, Batch 1500/1875: Loss=2.0542
Epoch 8, Batch 1550/1875: Loss=2.0320
Epoch 8, Batch 1600/1875: Loss=2.2757
Epoch 8, Batch 1650/1875: Loss=2.1187
Epoch 8, Batch 1700/1875: Loss=1.9641
Epoch 8, Batch 1750/1875: Loss=2.1023
Epoch 8, Batch 1800/1875: Loss=2.2095
Epoch 8, Batch 1850/1875: Loss=2.0596
Epoch 8 | Train Loss: 2.1361 | Test Accuracy: 21.02%
Epoch 9, Batch 0/1875: Loss=2.2218
Epoch 9, Batch 50/1875: Loss=2.1540
Epoch 9, Batch 100/1875: Loss=2.2213
Epoch 9, Batch 150/1875: Loss=2.1281
Epoch 9, Batch 200/1875: Loss=1.9602
Epoch 9, Batch 250/1875: Loss=2.1300
Epoch 9, Batch 300/1875: Loss=2.1574
Epoch 9, Batch 350/1875: Loss=2.1670
Epoch 9, Batch 400/1875: Loss=1.9768
Epoch 9, Batch 450/1875: Loss=2.0683
Epoch 9, Batch 500/1875: Loss=1.9717
Epoch 9, Batch 550/1875: Loss=2.0744
Epoch 9, Batch 600/1875: Loss=2.2220
Epoch 9, Batch 650/1875: Loss=2.0049
Epoch 9, Batch 700/1875: Loss=2.1048
Epoch 9, Batch 750/1875: Loss=2.1370
Epoch 9, Batch 800/1875: Loss=2.2638
Epoch 9, Batch 850/1875: Loss=2.0483
Epoch 9, Batch 900/1875: Loss=2.0770
Epoch 9, Batch 950/1875: Loss=2.2188
Epoch 9, Batch 1000/1875: Loss=1.9664
Epoch 9, Batch 1050/1875: Loss=2.1736
Epoch 9, Batch 1100/1875: Loss=2.0467
Epoch 9, Batch 1150/1875: Loss=1.9785
Epoch 9, Batch 1200/1875: Loss=1.9207
Epoch 9, Batch 1250/1875: Loss=2.1569
Epoch 9, Batch 1300/1875: Loss=2.0164
Epoch 9, Batch 1350/1875: Loss=1.9479
Epoch 9, Batch 1400/1875: Loss=2.0009
Epoch 9, Batch 1450/1875: Loss=2.1342
Epoch 9, Batch 1500/1875: Loss=2.1630
Epoch 9, Batch 1550/1875: Loss=2.0930
Epoch 9, Batch 1600/1875: Loss=2.2362
Epoch 9, Batch 1650/1875: Loss=2.0061
Epoch 9, Batch 1700/1875: Loss=1.9306
Epoch 9, Batch 1750/1875: Loss=1.8558
Epoch 9, Batch 1800/1875: Loss=2.1180
Epoch 9, Batch 1850/1875: Loss=1.8861
Epoch 9 | Train Loss: 2.1026 | Test Accuracy: 22.26%
Final Test Accuracy: 22.26%

--- Results Comparison ---
Results saved to training_results_comparison_vitb16_mnist.csv

DataFrame Preview:
   Epoch  ...  No_Jet_Test_Accuracy_Between_AllF
0      0  ...                              16.47
1      1  ...                              11.34
2      2  ...                              10.38
3      3  ...                              13.87
4      4  ...                              17.72
5      5  ...                              20.51
6      6  ...                              18.66
7      7  ...                              19.86
8      8  ...                              21.02
9      9  ...                              22.26

[10 rows x 13 columns]

Comparison plot saved as 'training_results_comparison_vitb16_mnist.png'

============================================================
Final Test Accuracy Summary:
============================================================
Baseline ViT-B/16:          25.90%
QI without Jet Loss 1F:     17.59%
QI with Jet Loss 1F:        11.24%
QI without Jet Loss 2F:     15.57%
QI without Jet Loss 3F:     26.47%
QI between layers AllF:     22.26%
============================================================
